2022-01-06 16:01:19.234 [quartzScheduler_Worker-7] ERROR org.quartz.core.JobRunShell - Job DEFAULT.CollectNewsTaskQuartz threw an unhandled Exception: 
java.lang.ClassCastException: java.lang.Integer cannot be cast to java.lang.Long
	at com.mzl.incomeexpensemanagesystem.service.impl.NewsServiceImpl.getCollectNewsCountFromRedis(NewsServiceImpl.java:216)
	at com.mzl.incomeexpensemanagesystem.service.impl.NewsServiceImpl.transCollectNewsCountFromRedisToDb(NewsServiceImpl.java:192)
	at com.mzl.incomeexpensemanagesystem.service.impl.NewsServiceImpl$$FastClassBySpringCGLIB$$68a95c74.invoke(<generated>)
	at org.springframework.cglib.proxy.MethodProxy.invoke(MethodProxy.java:218)
	at org.springframework.aop.framework.CglibAopProxy$CglibMethodInvocation.invokeJoinpoint(CglibAopProxy.java:783)
	at org.springframework.aop.framework.ReflectiveMethodInvocation.proceed(ReflectiveMethodInvocation.java:163)
	at org.springframework.aop.framework.CglibAopProxy$CglibMethodInvocation.proceed(CglibAopProxy.java:753)
	at org.springframework.transaction.interceptor.TransactionInterceptor$1.proceedWithInvocation(TransactionInterceptor.java:123)
	at org.springframework.transaction.interceptor.TransactionAspectSupport.invokeWithinTransaction(TransactionAspectSupport.java:388)
	at org.springframework.transaction.interceptor.TransactionInterceptor.invoke(TransactionInterceptor.java:119)
	at org.springframework.aop.framework.ReflectiveMethodInvocation.proceed(ReflectiveMethodInvocation.java:186)
	at org.springframework.aop.framework.CglibAopProxy$CglibMethodInvocation.proceed(CglibAopProxy.java:753)
	at org.springframework.aop.framework.CglibAopProxy$DynamicAdvisedInterceptor.intercept(CglibAopProxy.java:698)
	at com.mzl.incomeexpensemanagesystem.service.impl.NewsServiceImpl$$EnhancerBySpringCGLIB$$17d0793.transCollectNewsCountFromRedisToDb(<generated>)
	at com.mzl.incomeexpensemanagesystem.schedule.NewsCollectTask.executeInternal(NewsCollectTask.java:42)
	at org.springframework.scheduling.quartz.QuartzJobBean.execute(QuartzJobBean.java:75)
	at org.quartz.core.JobRunShell.run(JobRunShell.java:202)
	at org.quartz.simpl.SimpleThreadPool$WorkerThread.run(SimpleThreadPool.java:573)
2022-01-06 16:01:19.235 [quartzScheduler_Worker-7] ERROR org.quartz.core.ErrorLogger - Job (DEFAULT.CollectNewsTaskQuartz threw an exception.
org.quartz.SchedulerException: Job threw an unhandled exception.
	at org.quartz.core.JobRunShell.run(JobRunShell.java:213)
	at org.quartz.simpl.SimpleThreadPool$WorkerThread.run(SimpleThreadPool.java:573)
Caused by: java.lang.ClassCastException: java.lang.Integer cannot be cast to java.lang.Long
	at com.mzl.incomeexpensemanagesystem.service.impl.NewsServiceImpl.getCollectNewsCountFromRedis(NewsServiceImpl.java:216)
	at com.mzl.incomeexpensemanagesystem.service.impl.NewsServiceImpl.transCollectNewsCountFromRedisToDb(NewsServiceImpl.java:192)
	at com.mzl.incomeexpensemanagesystem.service.impl.NewsServiceImpl$$FastClassBySpringCGLIB$$68a95c74.invoke(<generated>)
	at org.springframework.cglib.proxy.MethodProxy.invoke(MethodProxy.java:218)
	at org.springframework.aop.framework.CglibAopProxy$CglibMethodInvocation.invokeJoinpoint(CglibAopProxy.java:783)
	at org.springframework.aop.framework.ReflectiveMethodInvocation.proceed(ReflectiveMethodInvocation.java:163)
	at org.springframework.aop.framework.CglibAopProxy$CglibMethodInvocation.proceed(CglibAopProxy.java:753)
	at org.springframework.transaction.interceptor.TransactionInterceptor$1.proceedWithInvocation(TransactionInterceptor.java:123)
	at org.springframework.transaction.interceptor.TransactionAspectSupport.invokeWithinTransaction(TransactionAspectSupport.java:388)
	at org.springframework.transaction.interceptor.TransactionInterceptor.invoke(TransactionInterceptor.java:119)
	at org.springframework.aop.framework.ReflectiveMethodInvocation.proceed(ReflectiveMethodInvocation.java:186)
	at org.springframework.aop.framework.CglibAopProxy$CglibMethodInvocation.proceed(CglibAopProxy.java:753)
	at org.springframework.aop.framework.CglibAopProxy$DynamicAdvisedInterceptor.intercept(CglibAopProxy.java:698)
	at com.mzl.incomeexpensemanagesystem.service.impl.NewsServiceImpl$$EnhancerBySpringCGLIB$$17d0793.transCollectNewsCountFromRedisToDb(<generated>)
	at com.mzl.incomeexpensemanagesystem.schedule.NewsCollectTask.executeInternal(NewsCollectTask.java:42)
	at org.springframework.scheduling.quartz.QuartzJobBean.execute(QuartzJobBean.java:75)
	at org.quartz.core.JobRunShell.run(JobRunShell.java:202)
	... 1 common frames omitted
2022-01-06 16:01:29.137 [quartzScheduler_Worker-8] ERROR org.quartz.core.JobRunShell - Job DEFAULT.CollectNewsTaskQuartz threw an unhandled Exception: 
java.lang.ClassCastException: java.lang.Integer cannot be cast to java.lang.Long
	at com.mzl.incomeexpensemanagesystem.service.impl.NewsServiceImpl.getCollectNewsCountFromRedis(NewsServiceImpl.java:216)
	at com.mzl.incomeexpensemanagesystem.service.impl.NewsServiceImpl.transCollectNewsCountFromRedisToDb(NewsServiceImpl.java:192)
	at com.mzl.incomeexpensemanagesystem.service.impl.NewsServiceImpl$$FastClassBySpringCGLIB$$68a95c74.invoke(<generated>)
	at org.springframework.cglib.proxy.MethodProxy.invoke(MethodProxy.java:218)
	at org.springframework.aop.framework.CglibAopProxy$CglibMethodInvocation.invokeJoinpoint(CglibAopProxy.java:783)
	at org.springframework.aop.framework.ReflectiveMethodInvocation.proceed(ReflectiveMethodInvocation.java:163)
	at org.springframework.aop.framework.CglibAopProxy$CglibMethodInvocation.proceed(CglibAopProxy.java:753)
	at org.springframework.transaction.interceptor.TransactionInterceptor$1.proceedWithInvocation(TransactionInterceptor.java:123)
	at org.springframework.transaction.interceptor.TransactionAspectSupport.invokeWithinTransaction(TransactionAspectSupport.java:388)
	at org.springframework.transaction.interceptor.TransactionInterceptor.invoke(TransactionInterceptor.java:119)
	at org.springframework.aop.framework.ReflectiveMethodInvocation.proceed(ReflectiveMethodInvocation.java:186)
	at org.springframework.aop.framework.CglibAopProxy$CglibMethodInvocation.proceed(CglibAopProxy.java:753)
	at org.springframework.aop.framework.CglibAopProxy$DynamicAdvisedInterceptor.intercept(CglibAopProxy.java:698)
	at com.mzl.incomeexpensemanagesystem.service.impl.NewsServiceImpl$$EnhancerBySpringCGLIB$$17d0793.transCollectNewsCountFromRedisToDb(<generated>)
	at com.mzl.incomeexpensemanagesystem.schedule.NewsCollectTask.executeInternal(NewsCollectTask.java:42)
	at org.springframework.scheduling.quartz.QuartzJobBean.execute(QuartzJobBean.java:75)
	at org.quartz.core.JobRunShell.run(JobRunShell.java:202)
	at org.quartz.simpl.SimpleThreadPool$WorkerThread.run(SimpleThreadPool.java:573)
2022-01-06 16:01:29.137 [quartzScheduler_Worker-8] ERROR org.quartz.core.ErrorLogger - Job (DEFAULT.CollectNewsTaskQuartz threw an exception.
org.quartz.SchedulerException: Job threw an unhandled exception.
	at org.quartz.core.JobRunShell.run(JobRunShell.java:213)
	at org.quartz.simpl.SimpleThreadPool$WorkerThread.run(SimpleThreadPool.java:573)
Caused by: java.lang.ClassCastException: java.lang.Integer cannot be cast to java.lang.Long
	at com.mzl.incomeexpensemanagesystem.service.impl.NewsServiceImpl.getCollectNewsCountFromRedis(NewsServiceImpl.java:216)
	at com.mzl.incomeexpensemanagesystem.service.impl.NewsServiceImpl.transCollectNewsCountFromRedisToDb(NewsServiceImpl.java:192)
	at com.mzl.incomeexpensemanagesystem.service.impl.NewsServiceImpl$$FastClassBySpringCGLIB$$68a95c74.invoke(<generated>)
	at org.springframework.cglib.proxy.MethodProxy.invoke(MethodProxy.java:218)
	at org.springframework.aop.framework.CglibAopProxy$CglibMethodInvocation.invokeJoinpoint(CglibAopProxy.java:783)
	at org.springframework.aop.framework.ReflectiveMethodInvocation.proceed(ReflectiveMethodInvocation.java:163)
	at org.springframework.aop.framework.CglibAopProxy$CglibMethodInvocation.proceed(CglibAopProxy.java:753)
	at org.springframework.transaction.interceptor.TransactionInterceptor$1.proceedWithInvocation(TransactionInterceptor.java:123)
	at org.springframework.transaction.interceptor.TransactionAspectSupport.invokeWithinTransaction(TransactionAspectSupport.java:388)
	at org.springframework.transaction.interceptor.TransactionInterceptor.invoke(TransactionInterceptor.java:119)
	at org.springframework.aop.framework.ReflectiveMethodInvocation.proceed(ReflectiveMethodInvocation.java:186)
	at org.springframework.aop.framework.CglibAopProxy$CglibMethodInvocation.proceed(CglibAopProxy.java:753)
	at org.springframework.aop.framework.CglibAopProxy$DynamicAdvisedInterceptor.intercept(CglibAopProxy.java:698)
	at com.mzl.incomeexpensemanagesystem.service.impl.NewsServiceImpl$$EnhancerBySpringCGLIB$$17d0793.transCollectNewsCountFromRedisToDb(<generated>)
	at com.mzl.incomeexpensemanagesystem.schedule.NewsCollectTask.executeInternal(NewsCollectTask.java:42)
	at org.springframework.scheduling.quartz.QuartzJobBean.execute(QuartzJobBean.java:75)
	at org.quartz.core.JobRunShell.run(JobRunShell.java:202)
	... 1 common frames omitted
2022-01-06 16:01:39.136 [quartzScheduler_Worker-9] ERROR org.quartz.core.JobRunShell - Job DEFAULT.CollectNewsTaskQuartz threw an unhandled Exception: 
java.lang.ClassCastException: java.lang.Integer cannot be cast to java.lang.Long
	at com.mzl.incomeexpensemanagesystem.service.impl.NewsServiceImpl.getCollectNewsCountFromRedis(NewsServiceImpl.java:216)
	at com.mzl.incomeexpensemanagesystem.service.impl.NewsServiceImpl.transCollectNewsCountFromRedisToDb(NewsServiceImpl.java:192)
	at com.mzl.incomeexpensemanagesystem.service.impl.NewsServiceImpl$$FastClassBySpringCGLIB$$68a95c74.invoke(<generated>)
	at org.springframework.cglib.proxy.MethodProxy.invoke(MethodProxy.java:218)
	at org.springframework.aop.framework.CglibAopProxy$CglibMethodInvocation.invokeJoinpoint(CglibAopProxy.java:783)
	at org.springframework.aop.framework.ReflectiveMethodInvocation.proceed(ReflectiveMethodInvocation.java:163)
	at org.springframework.aop.framework.CglibAopProxy$CglibMethodInvocation.proceed(CglibAopProxy.java:753)
	at org.springframework.transaction.interceptor.TransactionInterceptor$1.proceedWithInvocation(TransactionInterceptor.java:123)
	at org.springframework.transaction.interceptor.TransactionAspectSupport.invokeWithinTransaction(TransactionAspectSupport.java:388)
	at org.springframework.transaction.interceptor.TransactionInterceptor.invoke(TransactionInterceptor.java:119)
	at org.springframework.aop.framework.ReflectiveMethodInvocation.proceed(ReflectiveMethodInvocation.java:186)
	at org.springframework.aop.framework.CglibAopProxy$CglibMethodInvocation.proceed(CglibAopProxy.java:753)
	at org.springframework.aop.framework.CglibAopProxy$DynamicAdvisedInterceptor.intercept(CglibAopProxy.java:698)
	at com.mzl.incomeexpensemanagesystem.service.impl.NewsServiceImpl$$EnhancerBySpringCGLIB$$17d0793.transCollectNewsCountFromRedisToDb(<generated>)
	at com.mzl.incomeexpensemanagesystem.schedule.NewsCollectTask.executeInternal(NewsCollectTask.java:42)
	at org.springframework.scheduling.quartz.QuartzJobBean.execute(QuartzJobBean.java:75)
	at org.quartz.core.JobRunShell.run(JobRunShell.java:202)
	at org.quartz.simpl.SimpleThreadPool$WorkerThread.run(SimpleThreadPool.java:573)
2022-01-06 16:01:39.136 [quartzScheduler_Worker-9] ERROR org.quartz.core.ErrorLogger - Job (DEFAULT.CollectNewsTaskQuartz threw an exception.
org.quartz.SchedulerException: Job threw an unhandled exception.
	at org.quartz.core.JobRunShell.run(JobRunShell.java:213)
	at org.quartz.simpl.SimpleThreadPool$WorkerThread.run(SimpleThreadPool.java:573)
Caused by: java.lang.ClassCastException: java.lang.Integer cannot be cast to java.lang.Long
	at com.mzl.incomeexpensemanagesystem.service.impl.NewsServiceImpl.getCollectNewsCountFromRedis(NewsServiceImpl.java:216)
	at com.mzl.incomeexpensemanagesystem.service.impl.NewsServiceImpl.transCollectNewsCountFromRedisToDb(NewsServiceImpl.java:192)
	at com.mzl.incomeexpensemanagesystem.service.impl.NewsServiceImpl$$FastClassBySpringCGLIB$$68a95c74.invoke(<generated>)
	at org.springframework.cglib.proxy.MethodProxy.invoke(MethodProxy.java:218)
	at org.springframework.aop.framework.CglibAopProxy$CglibMethodInvocation.invokeJoinpoint(CglibAopProxy.java:783)
	at org.springframework.aop.framework.ReflectiveMethodInvocation.proceed(ReflectiveMethodInvocation.java:163)
	at org.springframework.aop.framework.CglibAopProxy$CglibMethodInvocation.proceed(CglibAopProxy.java:753)
	at org.springframework.transaction.interceptor.TransactionInterceptor$1.proceedWithInvocation(TransactionInterceptor.java:123)
	at org.springframework.transaction.interceptor.TransactionAspectSupport.invokeWithinTransaction(TransactionAspectSupport.java:388)
	at org.springframework.transaction.interceptor.TransactionInterceptor.invoke(TransactionInterceptor.java:119)
	at org.springframework.aop.framework.ReflectiveMethodInvocation.proceed(ReflectiveMethodInvocation.java:186)
	at org.springframework.aop.framework.CglibAopProxy$CglibMethodInvocation.proceed(CglibAopProxy.java:753)
	at org.springframework.aop.framework.CglibAopProxy$DynamicAdvisedInterceptor.intercept(CglibAopProxy.java:698)
	at com.mzl.incomeexpensemanagesystem.service.impl.NewsServiceImpl$$EnhancerBySpringCGLIB$$17d0793.transCollectNewsCountFromRedisToDb(<generated>)
	at com.mzl.incomeexpensemanagesystem.schedule.NewsCollectTask.executeInternal(NewsCollectTask.java:42)
	at org.springframework.scheduling.quartz.QuartzJobBean.execute(QuartzJobBean.java:75)
	at org.quartz.core.JobRunShell.run(JobRunShell.java:202)
	... 1 common frames omitted
2022-01-06 16:01:49.137 [quartzScheduler_Worker-10] ERROR org.quartz.core.JobRunShell - Job DEFAULT.CollectNewsTaskQuartz threw an unhandled Exception: 
java.lang.ClassCastException: java.lang.Integer cannot be cast to java.lang.Long
	at com.mzl.incomeexpensemanagesystem.service.impl.NewsServiceImpl.getCollectNewsCountFromRedis(NewsServiceImpl.java:216)
	at com.mzl.incomeexpensemanagesystem.service.impl.NewsServiceImpl.transCollectNewsCountFromRedisToDb(NewsServiceImpl.java:192)
	at com.mzl.incomeexpensemanagesystem.service.impl.NewsServiceImpl$$FastClassBySpringCGLIB$$68a95c74.invoke(<generated>)
	at org.springframework.cglib.proxy.MethodProxy.invoke(MethodProxy.java:218)
	at org.springframework.aop.framework.CglibAopProxy$CglibMethodInvocation.invokeJoinpoint(CglibAopProxy.java:783)
	at org.springframework.aop.framework.ReflectiveMethodInvocation.proceed(ReflectiveMethodInvocation.java:163)
	at org.springframework.aop.framework.CglibAopProxy$CglibMethodInvocation.proceed(CglibAopProxy.java:753)
	at org.springframework.transaction.interceptor.TransactionInterceptor$1.proceedWithInvocation(TransactionInterceptor.java:123)
	at org.springframework.transaction.interceptor.TransactionAspectSupport.invokeWithinTransaction(TransactionAspectSupport.java:388)
	at org.springframework.transaction.interceptor.TransactionInterceptor.invoke(TransactionInterceptor.java:119)
	at org.springframework.aop.framework.ReflectiveMethodInvocation.proceed(ReflectiveMethodInvocation.java:186)
	at org.springframework.aop.framework.CglibAopProxy$CglibMethodInvocation.proceed(CglibAopProxy.java:753)
	at org.springframework.aop.framework.CglibAopProxy$DynamicAdvisedInterceptor.intercept(CglibAopProxy.java:698)
	at com.mzl.incomeexpensemanagesystem.service.impl.NewsServiceImpl$$EnhancerBySpringCGLIB$$17d0793.transCollectNewsCountFromRedisToDb(<generated>)
	at com.mzl.incomeexpensemanagesystem.schedule.NewsCollectTask.executeInternal(NewsCollectTask.java:42)
	at org.springframework.scheduling.quartz.QuartzJobBean.execute(QuartzJobBean.java:75)
	at org.quartz.core.JobRunShell.run(JobRunShell.java:202)
	at org.quartz.simpl.SimpleThreadPool$WorkerThread.run(SimpleThreadPool.java:573)
2022-01-06 16:01:49.137 [quartzScheduler_Worker-10] ERROR org.quartz.core.ErrorLogger - Job (DEFAULT.CollectNewsTaskQuartz threw an exception.
org.quartz.SchedulerException: Job threw an unhandled exception.
	at org.quartz.core.JobRunShell.run(JobRunShell.java:213)
	at org.quartz.simpl.SimpleThreadPool$WorkerThread.run(SimpleThreadPool.java:573)
Caused by: java.lang.ClassCastException: java.lang.Integer cannot be cast to java.lang.Long
	at com.mzl.incomeexpensemanagesystem.service.impl.NewsServiceImpl.getCollectNewsCountFromRedis(NewsServiceImpl.java:216)
	at com.mzl.incomeexpensemanagesystem.service.impl.NewsServiceImpl.transCollectNewsCountFromRedisToDb(NewsServiceImpl.java:192)
	at com.mzl.incomeexpensemanagesystem.service.impl.NewsServiceImpl$$FastClassBySpringCGLIB$$68a95c74.invoke(<generated>)
	at org.springframework.cglib.proxy.MethodProxy.invoke(MethodProxy.java:218)
	at org.springframework.aop.framework.CglibAopProxy$CglibMethodInvocation.invokeJoinpoint(CglibAopProxy.java:783)
	at org.springframework.aop.framework.ReflectiveMethodInvocation.proceed(ReflectiveMethodInvocation.java:163)
	at org.springframework.aop.framework.CglibAopProxy$CglibMethodInvocation.proceed(CglibAopProxy.java:753)
	at org.springframework.transaction.interceptor.TransactionInterceptor$1.proceedWithInvocation(TransactionInterceptor.java:123)
	at org.springframework.transaction.interceptor.TransactionAspectSupport.invokeWithinTransaction(TransactionAspectSupport.java:388)
	at org.springframework.transaction.interceptor.TransactionInterceptor.invoke(TransactionInterceptor.java:119)
	at org.springframework.aop.framework.ReflectiveMethodInvocation.proceed(ReflectiveMethodInvocation.java:186)
	at org.springframework.aop.framework.CglibAopProxy$CglibMethodInvocation.proceed(CglibAopProxy.java:753)
	at org.springframework.aop.framework.CglibAopProxy$DynamicAdvisedInterceptor.intercept(CglibAopProxy.java:698)
	at com.mzl.incomeexpensemanagesystem.service.impl.NewsServiceImpl$$EnhancerBySpringCGLIB$$17d0793.transCollectNewsCountFromRedisToDb(<generated>)
	at com.mzl.incomeexpensemanagesystem.schedule.NewsCollectTask.executeInternal(NewsCollectTask.java:42)
	at org.springframework.scheduling.quartz.QuartzJobBean.execute(QuartzJobBean.java:75)
	at org.quartz.core.JobRunShell.run(JobRunShell.java:202)
	... 1 common frames omitted
2022-01-06 16:01:59.136 [quartzScheduler_Worker-1] ERROR org.quartz.core.JobRunShell - Job DEFAULT.CollectNewsTaskQuartz threw an unhandled Exception: 
java.lang.ClassCastException: java.lang.Integer cannot be cast to java.lang.Long
	at com.mzl.incomeexpensemanagesystem.service.impl.NewsServiceImpl.getCollectNewsCountFromRedis(NewsServiceImpl.java:216)
	at com.mzl.incomeexpensemanagesystem.service.impl.NewsServiceImpl.transCollectNewsCountFromRedisToDb(NewsServiceImpl.java:192)
	at com.mzl.incomeexpensemanagesystem.service.impl.NewsServiceImpl$$FastClassBySpringCGLIB$$68a95c74.invoke(<generated>)
	at org.springframework.cglib.proxy.MethodProxy.invoke(MethodProxy.java:218)
	at org.springframework.aop.framework.CglibAopProxy$CglibMethodInvocation.invokeJoinpoint(CglibAopProxy.java:783)
	at org.springframework.aop.framework.ReflectiveMethodInvocation.proceed(ReflectiveMethodInvocation.java:163)
	at org.springframework.aop.framework.CglibAopProxy$CglibMethodInvocation.proceed(CglibAopProxy.java:753)
	at org.springframework.transaction.interceptor.TransactionInterceptor$1.proceedWithInvocation(TransactionInterceptor.java:123)
	at org.springframework.transaction.interceptor.TransactionAspectSupport.invokeWithinTransaction(TransactionAspectSupport.java:388)
	at org.springframework.transaction.interceptor.TransactionInterceptor.invoke(TransactionInterceptor.java:119)
	at org.springframework.aop.framework.ReflectiveMethodInvocation.proceed(ReflectiveMethodInvocation.java:186)
	at org.springframework.aop.framework.CglibAopProxy$CglibMethodInvocation.proceed(CglibAopProxy.java:753)
	at org.springframework.aop.framework.CglibAopProxy$DynamicAdvisedInterceptor.intercept(CglibAopProxy.java:698)
	at com.mzl.incomeexpensemanagesystem.service.impl.NewsServiceImpl$$EnhancerBySpringCGLIB$$17d0793.transCollectNewsCountFromRedisToDb(<generated>)
	at com.mzl.incomeexpensemanagesystem.schedule.NewsCollectTask.executeInternal(NewsCollectTask.java:42)
	at org.springframework.scheduling.quartz.QuartzJobBean.execute(QuartzJobBean.java:75)
	at org.quartz.core.JobRunShell.run(JobRunShell.java:202)
	at org.quartz.simpl.SimpleThreadPool$WorkerThread.run(SimpleThreadPool.java:573)
2022-01-06 16:01:59.136 [quartzScheduler_Worker-1] ERROR org.quartz.core.ErrorLogger - Job (DEFAULT.CollectNewsTaskQuartz threw an exception.
org.quartz.SchedulerException: Job threw an unhandled exception.
	at org.quartz.core.JobRunShell.run(JobRunShell.java:213)
	at org.quartz.simpl.SimpleThreadPool$WorkerThread.run(SimpleThreadPool.java:573)
Caused by: java.lang.ClassCastException: java.lang.Integer cannot be cast to java.lang.Long
	at com.mzl.incomeexpensemanagesystem.service.impl.NewsServiceImpl.getCollectNewsCountFromRedis(NewsServiceImpl.java:216)
	at com.mzl.incomeexpensemanagesystem.service.impl.NewsServiceImpl.transCollectNewsCountFromRedisToDb(NewsServiceImpl.java:192)
	at com.mzl.incomeexpensemanagesystem.service.impl.NewsServiceImpl$$FastClassBySpringCGLIB$$68a95c74.invoke(<generated>)
	at org.springframework.cglib.proxy.MethodProxy.invoke(MethodProxy.java:218)
	at org.springframework.aop.framework.CglibAopProxy$CglibMethodInvocation.invokeJoinpoint(CglibAopProxy.java:783)
	at org.springframework.aop.framework.ReflectiveMethodInvocation.proceed(ReflectiveMethodInvocation.java:163)
	at org.springframework.aop.framework.CglibAopProxy$CglibMethodInvocation.proceed(CglibAopProxy.java:753)
	at org.springframework.transaction.interceptor.TransactionInterceptor$1.proceedWithInvocation(TransactionInterceptor.java:123)
	at org.springframework.transaction.interceptor.TransactionAspectSupport.invokeWithinTransaction(TransactionAspectSupport.java:388)
	at org.springframework.transaction.interceptor.TransactionInterceptor.invoke(TransactionInterceptor.java:119)
	at org.springframework.aop.framework.ReflectiveMethodInvocation.proceed(ReflectiveMethodInvocation.java:186)
	at org.springframework.aop.framework.CglibAopProxy$CglibMethodInvocation.proceed(CglibAopProxy.java:753)
	at org.springframework.aop.framework.CglibAopProxy$DynamicAdvisedInterceptor.intercept(CglibAopProxy.java:698)
	at com.mzl.incomeexpensemanagesystem.service.impl.NewsServiceImpl$$EnhancerBySpringCGLIB$$17d0793.transCollectNewsCountFromRedisToDb(<generated>)
	at com.mzl.incomeexpensemanagesystem.schedule.NewsCollectTask.executeInternal(NewsCollectTask.java:42)
	at org.springframework.scheduling.quartz.QuartzJobBean.execute(QuartzJobBean.java:75)
	at org.quartz.core.JobRunShell.run(JobRunShell.java:202)
	... 1 common frames omitted
2022-01-06 16:02:09.136 [quartzScheduler_Worker-2] ERROR org.quartz.core.JobRunShell - Job DEFAULT.CollectNewsTaskQuartz threw an unhandled Exception: 
java.lang.ClassCastException: java.lang.Integer cannot be cast to java.lang.Long
	at com.mzl.incomeexpensemanagesystem.service.impl.NewsServiceImpl.getCollectNewsCountFromRedis(NewsServiceImpl.java:216)
	at com.mzl.incomeexpensemanagesystem.service.impl.NewsServiceImpl.transCollectNewsCountFromRedisToDb(NewsServiceImpl.java:192)
	at com.mzl.incomeexpensemanagesystem.service.impl.NewsServiceImpl$$FastClassBySpringCGLIB$$68a95c74.invoke(<generated>)
	at org.springframework.cglib.proxy.MethodProxy.invoke(MethodProxy.java:218)
	at org.springframework.aop.framework.CglibAopProxy$CglibMethodInvocation.invokeJoinpoint(CglibAopProxy.java:783)
	at org.springframework.aop.framework.ReflectiveMethodInvocation.proceed(ReflectiveMethodInvocation.java:163)
	at org.springframework.aop.framework.CglibAopProxy$CglibMethodInvocation.proceed(CglibAopProxy.java:753)
	at org.springframework.transaction.interceptor.TransactionInterceptor$1.proceedWithInvocation(TransactionInterceptor.java:123)
	at org.springframework.transaction.interceptor.TransactionAspectSupport.invokeWithinTransaction(TransactionAspectSupport.java:388)
	at org.springframework.transaction.interceptor.TransactionInterceptor.invoke(TransactionInterceptor.java:119)
	at org.springframework.aop.framework.ReflectiveMethodInvocation.proceed(ReflectiveMethodInvocation.java:186)
	at org.springframework.aop.framework.CglibAopProxy$CglibMethodInvocation.proceed(CglibAopProxy.java:753)
	at org.springframework.aop.framework.CglibAopProxy$DynamicAdvisedInterceptor.intercept(CglibAopProxy.java:698)
	at com.mzl.incomeexpensemanagesystem.service.impl.NewsServiceImpl$$EnhancerBySpringCGLIB$$17d0793.transCollectNewsCountFromRedisToDb(<generated>)
	at com.mzl.incomeexpensemanagesystem.schedule.NewsCollectTask.executeInternal(NewsCollectTask.java:42)
	at org.springframework.scheduling.quartz.QuartzJobBean.execute(QuartzJobBean.java:75)
	at org.quartz.core.JobRunShell.run(JobRunShell.java:202)
	at org.quartz.simpl.SimpleThreadPool$WorkerThread.run(SimpleThreadPool.java:573)
2022-01-06 16:02:09.136 [quartzScheduler_Worker-2] ERROR org.quartz.core.ErrorLogger - Job (DEFAULT.CollectNewsTaskQuartz threw an exception.
org.quartz.SchedulerException: Job threw an unhandled exception.
	at org.quartz.core.JobRunShell.run(JobRunShell.java:213)
	at org.quartz.simpl.SimpleThreadPool$WorkerThread.run(SimpleThreadPool.java:573)
Caused by: java.lang.ClassCastException: java.lang.Integer cannot be cast to java.lang.Long
	at com.mzl.incomeexpensemanagesystem.service.impl.NewsServiceImpl.getCollectNewsCountFromRedis(NewsServiceImpl.java:216)
	at com.mzl.incomeexpensemanagesystem.service.impl.NewsServiceImpl.transCollectNewsCountFromRedisToDb(NewsServiceImpl.java:192)
	at com.mzl.incomeexpensemanagesystem.service.impl.NewsServiceImpl$$FastClassBySpringCGLIB$$68a95c74.invoke(<generated>)
	at org.springframework.cglib.proxy.MethodProxy.invoke(MethodProxy.java:218)
	at org.springframework.aop.framework.CglibAopProxy$CglibMethodInvocation.invokeJoinpoint(CglibAopProxy.java:783)
	at org.springframework.aop.framework.ReflectiveMethodInvocation.proceed(ReflectiveMethodInvocation.java:163)
	at org.springframework.aop.framework.CglibAopProxy$CglibMethodInvocation.proceed(CglibAopProxy.java:753)
	at org.springframework.transaction.interceptor.TransactionInterceptor$1.proceedWithInvocation(TransactionInterceptor.java:123)
	at org.springframework.transaction.interceptor.TransactionAspectSupport.invokeWithinTransaction(TransactionAspectSupport.java:388)
	at org.springframework.transaction.interceptor.TransactionInterceptor.invoke(TransactionInterceptor.java:119)
	at org.springframework.aop.framework.ReflectiveMethodInvocation.proceed(ReflectiveMethodInvocation.java:186)
	at org.springframework.aop.framework.CglibAopProxy$CglibMethodInvocation.proceed(CglibAopProxy.java:753)
	at org.springframework.aop.framework.CglibAopProxy$DynamicAdvisedInterceptor.intercept(CglibAopProxy.java:698)
	at com.mzl.incomeexpensemanagesystem.service.impl.NewsServiceImpl$$EnhancerBySpringCGLIB$$17d0793.transCollectNewsCountFromRedisToDb(<generated>)
	at com.mzl.incomeexpensemanagesystem.schedule.NewsCollectTask.executeInternal(NewsCollectTask.java:42)
	at org.springframework.scheduling.quartz.QuartzJobBean.execute(QuartzJobBean.java:75)
	at org.quartz.core.JobRunShell.run(JobRunShell.java:202)
	... 1 common frames omitted
2022-01-06 16:02:19.136 [quartzScheduler_Worker-3] ERROR org.quartz.core.JobRunShell - Job DEFAULT.CollectNewsTaskQuartz threw an unhandled Exception: 
java.lang.ClassCastException: java.lang.Integer cannot be cast to java.lang.Long
	at com.mzl.incomeexpensemanagesystem.service.impl.NewsServiceImpl.getCollectNewsCountFromRedis(NewsServiceImpl.java:216)
	at com.mzl.incomeexpensemanagesystem.service.impl.NewsServiceImpl.transCollectNewsCountFromRedisToDb(NewsServiceImpl.java:192)
	at com.mzl.incomeexpensemanagesystem.service.impl.NewsServiceImpl$$FastClassBySpringCGLIB$$68a95c74.invoke(<generated>)
	at org.springframework.cglib.proxy.MethodProxy.invoke(MethodProxy.java:218)
	at org.springframework.aop.framework.CglibAopProxy$CglibMethodInvocation.invokeJoinpoint(CglibAopProxy.java:783)
	at org.springframework.aop.framework.ReflectiveMethodInvocation.proceed(ReflectiveMethodInvocation.java:163)
	at org.springframework.aop.framework.CglibAopProxy$CglibMethodInvocation.proceed(CglibAopProxy.java:753)
	at org.springframework.transaction.interceptor.TransactionInterceptor$1.proceedWithInvocation(TransactionInterceptor.java:123)
	at org.springframework.transaction.interceptor.TransactionAspectSupport.invokeWithinTransaction(TransactionAspectSupport.java:388)
	at org.springframework.transaction.interceptor.TransactionInterceptor.invoke(TransactionInterceptor.java:119)
	at org.springframework.aop.framework.ReflectiveMethodInvocation.proceed(ReflectiveMethodInvocation.java:186)
	at org.springframework.aop.framework.CglibAopProxy$CglibMethodInvocation.proceed(CglibAopProxy.java:753)
	at org.springframework.aop.framework.CglibAopProxy$DynamicAdvisedInterceptor.intercept(CglibAopProxy.java:698)
	at com.mzl.incomeexpensemanagesystem.service.impl.NewsServiceImpl$$EnhancerBySpringCGLIB$$17d0793.transCollectNewsCountFromRedisToDb(<generated>)
	at com.mzl.incomeexpensemanagesystem.schedule.NewsCollectTask.executeInternal(NewsCollectTask.java:42)
	at org.springframework.scheduling.quartz.QuartzJobBean.execute(QuartzJobBean.java:75)
	at org.quartz.core.JobRunShell.run(JobRunShell.java:202)
	at org.quartz.simpl.SimpleThreadPool$WorkerThread.run(SimpleThreadPool.java:573)
2022-01-06 16:02:19.136 [quartzScheduler_Worker-3] ERROR org.quartz.core.ErrorLogger - Job (DEFAULT.CollectNewsTaskQuartz threw an exception.
org.quartz.SchedulerException: Job threw an unhandled exception.
	at org.quartz.core.JobRunShell.run(JobRunShell.java:213)
	at org.quartz.simpl.SimpleThreadPool$WorkerThread.run(SimpleThreadPool.java:573)
Caused by: java.lang.ClassCastException: java.lang.Integer cannot be cast to java.lang.Long
	at com.mzl.incomeexpensemanagesystem.service.impl.NewsServiceImpl.getCollectNewsCountFromRedis(NewsServiceImpl.java:216)
	at com.mzl.incomeexpensemanagesystem.service.impl.NewsServiceImpl.transCollectNewsCountFromRedisToDb(NewsServiceImpl.java:192)
	at com.mzl.incomeexpensemanagesystem.service.impl.NewsServiceImpl$$FastClassBySpringCGLIB$$68a95c74.invoke(<generated>)
	at org.springframework.cglib.proxy.MethodProxy.invoke(MethodProxy.java:218)
	at org.springframework.aop.framework.CglibAopProxy$CglibMethodInvocation.invokeJoinpoint(CglibAopProxy.java:783)
	at org.springframework.aop.framework.ReflectiveMethodInvocation.proceed(ReflectiveMethodInvocation.java:163)
	at org.springframework.aop.framework.CglibAopProxy$CglibMethodInvocation.proceed(CglibAopProxy.java:753)
	at org.springframework.transaction.interceptor.TransactionInterceptor$1.proceedWithInvocation(TransactionInterceptor.java:123)
	at org.springframework.transaction.interceptor.TransactionAspectSupport.invokeWithinTransaction(TransactionAspectSupport.java:388)
	at org.springframework.transaction.interceptor.TransactionInterceptor.invoke(TransactionInterceptor.java:119)
	at org.springframework.aop.framework.ReflectiveMethodInvocation.proceed(ReflectiveMethodInvocation.java:186)
	at org.springframework.aop.framework.CglibAopProxy$CglibMethodInvocation.proceed(CglibAopProxy.java:753)
	at org.springframework.aop.framework.CglibAopProxy$DynamicAdvisedInterceptor.intercept(CglibAopProxy.java:698)
	at com.mzl.incomeexpensemanagesystem.service.impl.NewsServiceImpl$$EnhancerBySpringCGLIB$$17d0793.transCollectNewsCountFromRedisToDb(<generated>)
	at com.mzl.incomeexpensemanagesystem.schedule.NewsCollectTask.executeInternal(NewsCollectTask.java:42)
	at org.springframework.scheduling.quartz.QuartzJobBean.execute(QuartzJobBean.java:75)
	at org.quartz.core.JobRunShell.run(JobRunShell.java:202)
	... 1 common frames omitted
2022-01-06 16:02:29.136 [quartzScheduler_Worker-4] ERROR org.quartz.core.JobRunShell - Job DEFAULT.CollectNewsTaskQuartz threw an unhandled Exception: 
java.lang.ClassCastException: java.lang.Integer cannot be cast to java.lang.Long
	at com.mzl.incomeexpensemanagesystem.service.impl.NewsServiceImpl.getCollectNewsCountFromRedis(NewsServiceImpl.java:216)
	at com.mzl.incomeexpensemanagesystem.service.impl.NewsServiceImpl.transCollectNewsCountFromRedisToDb(NewsServiceImpl.java:192)
	at com.mzl.incomeexpensemanagesystem.service.impl.NewsServiceImpl$$FastClassBySpringCGLIB$$68a95c74.invoke(<generated>)
	at org.springframework.cglib.proxy.MethodProxy.invoke(MethodProxy.java:218)
	at org.springframework.aop.framework.CglibAopProxy$CglibMethodInvocation.invokeJoinpoint(CglibAopProxy.java:783)
	at org.springframework.aop.framework.ReflectiveMethodInvocation.proceed(ReflectiveMethodInvocation.java:163)
	at org.springframework.aop.framework.CglibAopProxy$CglibMethodInvocation.proceed(CglibAopProxy.java:753)
	at org.springframework.transaction.interceptor.TransactionInterceptor$1.proceedWithInvocation(TransactionInterceptor.java:123)
	at org.springframework.transaction.interceptor.TransactionAspectSupport.invokeWithinTransaction(TransactionAspectSupport.java:388)
	at org.springframework.transaction.interceptor.TransactionInterceptor.invoke(TransactionInterceptor.java:119)
	at org.springframework.aop.framework.ReflectiveMethodInvocation.proceed(ReflectiveMethodInvocation.java:186)
	at org.springframework.aop.framework.CglibAopProxy$CglibMethodInvocation.proceed(CglibAopProxy.java:753)
	at org.springframework.aop.framework.CglibAopProxy$DynamicAdvisedInterceptor.intercept(CglibAopProxy.java:698)
	at com.mzl.incomeexpensemanagesystem.service.impl.NewsServiceImpl$$EnhancerBySpringCGLIB$$17d0793.transCollectNewsCountFromRedisToDb(<generated>)
	at com.mzl.incomeexpensemanagesystem.schedule.NewsCollectTask.executeInternal(NewsCollectTask.java:42)
	at org.springframework.scheduling.quartz.QuartzJobBean.execute(QuartzJobBean.java:75)
	at org.quartz.core.JobRunShell.run(JobRunShell.java:202)
	at org.quartz.simpl.SimpleThreadPool$WorkerThread.run(SimpleThreadPool.java:573)
2022-01-06 16:02:29.136 [quartzScheduler_Worker-4] ERROR org.quartz.core.ErrorLogger - Job (DEFAULT.CollectNewsTaskQuartz threw an exception.
org.quartz.SchedulerException: Job threw an unhandled exception.
	at org.quartz.core.JobRunShell.run(JobRunShell.java:213)
	at org.quartz.simpl.SimpleThreadPool$WorkerThread.run(SimpleThreadPool.java:573)
Caused by: java.lang.ClassCastException: java.lang.Integer cannot be cast to java.lang.Long
	at com.mzl.incomeexpensemanagesystem.service.impl.NewsServiceImpl.getCollectNewsCountFromRedis(NewsServiceImpl.java:216)
	at com.mzl.incomeexpensemanagesystem.service.impl.NewsServiceImpl.transCollectNewsCountFromRedisToDb(NewsServiceImpl.java:192)
	at com.mzl.incomeexpensemanagesystem.service.impl.NewsServiceImpl$$FastClassBySpringCGLIB$$68a95c74.invoke(<generated>)
	at org.springframework.cglib.proxy.MethodProxy.invoke(MethodProxy.java:218)
	at org.springframework.aop.framework.CglibAopProxy$CglibMethodInvocation.invokeJoinpoint(CglibAopProxy.java:783)
	at org.springframework.aop.framework.ReflectiveMethodInvocation.proceed(ReflectiveMethodInvocation.java:163)
	at org.springframework.aop.framework.CglibAopProxy$CglibMethodInvocation.proceed(CglibAopProxy.java:753)
	at org.springframework.transaction.interceptor.TransactionInterceptor$1.proceedWithInvocation(TransactionInterceptor.java:123)
	at org.springframework.transaction.interceptor.TransactionAspectSupport.invokeWithinTransaction(TransactionAspectSupport.java:388)
	at org.springframework.transaction.interceptor.TransactionInterceptor.invoke(TransactionInterceptor.java:119)
	at org.springframework.aop.framework.ReflectiveMethodInvocation.proceed(ReflectiveMethodInvocation.java:186)
	at org.springframework.aop.framework.CglibAopProxy$CglibMethodInvocation.proceed(CglibAopProxy.java:753)
	at org.springframework.aop.framework.CglibAopProxy$DynamicAdvisedInterceptor.intercept(CglibAopProxy.java:698)
	at com.mzl.incomeexpensemanagesystem.service.impl.NewsServiceImpl$$EnhancerBySpringCGLIB$$17d0793.transCollectNewsCountFromRedisToDb(<generated>)
	at com.mzl.incomeexpensemanagesystem.schedule.NewsCollectTask.executeInternal(NewsCollectTask.java:42)
	at org.springframework.scheduling.quartz.QuartzJobBean.execute(QuartzJobBean.java:75)
	at org.quartz.core.JobRunShell.run(JobRunShell.java:202)
	... 1 common frames omitted
2022-01-06 16:02:39.137 [quartzScheduler_Worker-5] ERROR org.quartz.core.JobRunShell - Job DEFAULT.CollectNewsTaskQuartz threw an unhandled Exception: 
java.lang.ClassCastException: java.lang.Integer cannot be cast to java.lang.Long
	at com.mzl.incomeexpensemanagesystem.service.impl.NewsServiceImpl.getCollectNewsCountFromRedis(NewsServiceImpl.java:216)
	at com.mzl.incomeexpensemanagesystem.service.impl.NewsServiceImpl.transCollectNewsCountFromRedisToDb(NewsServiceImpl.java:192)
	at com.mzl.incomeexpensemanagesystem.service.impl.NewsServiceImpl$$FastClassBySpringCGLIB$$68a95c74.invoke(<generated>)
	at org.springframework.cglib.proxy.MethodProxy.invoke(MethodProxy.java:218)
	at org.springframework.aop.framework.CglibAopProxy$CglibMethodInvocation.invokeJoinpoint(CglibAopProxy.java:783)
	at org.springframework.aop.framework.ReflectiveMethodInvocation.proceed(ReflectiveMethodInvocation.java:163)
	at org.springframework.aop.framework.CglibAopProxy$CglibMethodInvocation.proceed(CglibAopProxy.java:753)
	at org.springframework.transaction.interceptor.TransactionInterceptor$1.proceedWithInvocation(TransactionInterceptor.java:123)
	at org.springframework.transaction.interceptor.TransactionAspectSupport.invokeWithinTransaction(TransactionAspectSupport.java:388)
	at org.springframework.transaction.interceptor.TransactionInterceptor.invoke(TransactionInterceptor.java:119)
	at org.springframework.aop.framework.ReflectiveMethodInvocation.proceed(ReflectiveMethodInvocation.java:186)
	at org.springframework.aop.framework.CglibAopProxy$CglibMethodInvocation.proceed(CglibAopProxy.java:753)
	at org.springframework.aop.framework.CglibAopProxy$DynamicAdvisedInterceptor.intercept(CglibAopProxy.java:698)
	at com.mzl.incomeexpensemanagesystem.service.impl.NewsServiceImpl$$EnhancerBySpringCGLIB$$17d0793.transCollectNewsCountFromRedisToDb(<generated>)
	at com.mzl.incomeexpensemanagesystem.schedule.NewsCollectTask.executeInternal(NewsCollectTask.java:42)
	at org.springframework.scheduling.quartz.QuartzJobBean.execute(QuartzJobBean.java:75)
	at org.quartz.core.JobRunShell.run(JobRunShell.java:202)
	at org.quartz.simpl.SimpleThreadPool$WorkerThread.run(SimpleThreadPool.java:573)
2022-01-06 16:02:39.137 [quartzScheduler_Worker-5] ERROR org.quartz.core.ErrorLogger - Job (DEFAULT.CollectNewsTaskQuartz threw an exception.
org.quartz.SchedulerException: Job threw an unhandled exception.
	at org.quartz.core.JobRunShell.run(JobRunShell.java:213)
	at org.quartz.simpl.SimpleThreadPool$WorkerThread.run(SimpleThreadPool.java:573)
Caused by: java.lang.ClassCastException: java.lang.Integer cannot be cast to java.lang.Long
	at com.mzl.incomeexpensemanagesystem.service.impl.NewsServiceImpl.getCollectNewsCountFromRedis(NewsServiceImpl.java:216)
	at com.mzl.incomeexpensemanagesystem.service.impl.NewsServiceImpl.transCollectNewsCountFromRedisToDb(NewsServiceImpl.java:192)
	at com.mzl.incomeexpensemanagesystem.service.impl.NewsServiceImpl$$FastClassBySpringCGLIB$$68a95c74.invoke(<generated>)
	at org.springframework.cglib.proxy.MethodProxy.invoke(MethodProxy.java:218)
	at org.springframework.aop.framework.CglibAopProxy$CglibMethodInvocation.invokeJoinpoint(CglibAopProxy.java:783)
	at org.springframework.aop.framework.ReflectiveMethodInvocation.proceed(ReflectiveMethodInvocation.java:163)
	at org.springframework.aop.framework.CglibAopProxy$CglibMethodInvocation.proceed(CglibAopProxy.java:753)
	at org.springframework.transaction.interceptor.TransactionInterceptor$1.proceedWithInvocation(TransactionInterceptor.java:123)
	at org.springframework.transaction.interceptor.TransactionAspectSupport.invokeWithinTransaction(TransactionAspectSupport.java:388)
	at org.springframework.transaction.interceptor.TransactionInterceptor.invoke(TransactionInterceptor.java:119)
	at org.springframework.aop.framework.ReflectiveMethodInvocation.proceed(ReflectiveMethodInvocation.java:186)
	at org.springframework.aop.framework.CglibAopProxy$CglibMethodInvocation.proceed(CglibAopProxy.java:753)
	at org.springframework.aop.framework.CglibAopProxy$DynamicAdvisedInterceptor.intercept(CglibAopProxy.java:698)
	at com.mzl.incomeexpensemanagesystem.service.impl.NewsServiceImpl$$EnhancerBySpringCGLIB$$17d0793.transCollectNewsCountFromRedisToDb(<generated>)
	at com.mzl.incomeexpensemanagesystem.schedule.NewsCollectTask.executeInternal(NewsCollectTask.java:42)
	at org.springframework.scheduling.quartz.QuartzJobBean.execute(QuartzJobBean.java:75)
	at org.quartz.core.JobRunShell.run(JobRunShell.java:202)
	... 1 common frames omitted
2022-01-06 16:02:49.136 [quartzScheduler_Worker-6] ERROR org.quartz.core.JobRunShell - Job DEFAULT.CollectNewsTaskQuartz threw an unhandled Exception: 
java.lang.ClassCastException: java.lang.Integer cannot be cast to java.lang.Long
	at com.mzl.incomeexpensemanagesystem.service.impl.NewsServiceImpl.getCollectNewsCountFromRedis(NewsServiceImpl.java:216)
	at com.mzl.incomeexpensemanagesystem.service.impl.NewsServiceImpl.transCollectNewsCountFromRedisToDb(NewsServiceImpl.java:192)
	at com.mzl.incomeexpensemanagesystem.service.impl.NewsServiceImpl$$FastClassBySpringCGLIB$$68a95c74.invoke(<generated>)
	at org.springframework.cglib.proxy.MethodProxy.invoke(MethodProxy.java:218)
	at org.springframework.aop.framework.CglibAopProxy$CglibMethodInvocation.invokeJoinpoint(CglibAopProxy.java:783)
	at org.springframework.aop.framework.ReflectiveMethodInvocation.proceed(ReflectiveMethodInvocation.java:163)
	at org.springframework.aop.framework.CglibAopProxy$CglibMethodInvocation.proceed(CglibAopProxy.java:753)
	at org.springframework.transaction.interceptor.TransactionInterceptor$1.proceedWithInvocation(TransactionInterceptor.java:123)
	at org.springframework.transaction.interceptor.TransactionAspectSupport.invokeWithinTransaction(TransactionAspectSupport.java:388)
	at org.springframework.transaction.interceptor.TransactionInterceptor.invoke(TransactionInterceptor.java:119)
	at org.springframework.aop.framework.ReflectiveMethodInvocation.proceed(ReflectiveMethodInvocation.java:186)
	at org.springframework.aop.framework.CglibAopProxy$CglibMethodInvocation.proceed(CglibAopProxy.java:753)
	at org.springframework.aop.framework.CglibAopProxy$DynamicAdvisedInterceptor.intercept(CglibAopProxy.java:698)
	at com.mzl.incomeexpensemanagesystem.service.impl.NewsServiceImpl$$EnhancerBySpringCGLIB$$17d0793.transCollectNewsCountFromRedisToDb(<generated>)
	at com.mzl.incomeexpensemanagesystem.schedule.NewsCollectTask.executeInternal(NewsCollectTask.java:42)
	at org.springframework.scheduling.quartz.QuartzJobBean.execute(QuartzJobBean.java:75)
	at org.quartz.core.JobRunShell.run(JobRunShell.java:202)
	at org.quartz.simpl.SimpleThreadPool$WorkerThread.run(SimpleThreadPool.java:573)
2022-01-06 16:02:49.136 [quartzScheduler_Worker-6] ERROR org.quartz.core.ErrorLogger - Job (DEFAULT.CollectNewsTaskQuartz threw an exception.
org.quartz.SchedulerException: Job threw an unhandled exception.
	at org.quartz.core.JobRunShell.run(JobRunShell.java:213)
	at org.quartz.simpl.SimpleThreadPool$WorkerThread.run(SimpleThreadPool.java:573)
Caused by: java.lang.ClassCastException: java.lang.Integer cannot be cast to java.lang.Long
	at com.mzl.incomeexpensemanagesystem.service.impl.NewsServiceImpl.getCollectNewsCountFromRedis(NewsServiceImpl.java:216)
	at com.mzl.incomeexpensemanagesystem.service.impl.NewsServiceImpl.transCollectNewsCountFromRedisToDb(NewsServiceImpl.java:192)
	at com.mzl.incomeexpensemanagesystem.service.impl.NewsServiceImpl$$FastClassBySpringCGLIB$$68a95c74.invoke(<generated>)
	at org.springframework.cglib.proxy.MethodProxy.invoke(MethodProxy.java:218)
	at org.springframework.aop.framework.CglibAopProxy$CglibMethodInvocation.invokeJoinpoint(CglibAopProxy.java:783)
	at org.springframework.aop.framework.ReflectiveMethodInvocation.proceed(ReflectiveMethodInvocation.java:163)
	at org.springframework.aop.framework.CglibAopProxy$CglibMethodInvocation.proceed(CglibAopProxy.java:753)
	at org.springframework.transaction.interceptor.TransactionInterceptor$1.proceedWithInvocation(TransactionInterceptor.java:123)
	at org.springframework.transaction.interceptor.TransactionAspectSupport.invokeWithinTransaction(TransactionAspectSupport.java:388)
	at org.springframework.transaction.interceptor.TransactionInterceptor.invoke(TransactionInterceptor.java:119)
	at org.springframework.aop.framework.ReflectiveMethodInvocation.proceed(ReflectiveMethodInvocation.java:186)
	at org.springframework.aop.framework.CglibAopProxy$CglibMethodInvocation.proceed(CglibAopProxy.java:753)
	at org.springframework.aop.framework.CglibAopProxy$DynamicAdvisedInterceptor.intercept(CglibAopProxy.java:698)
	at com.mzl.incomeexpensemanagesystem.service.impl.NewsServiceImpl$$EnhancerBySpringCGLIB$$17d0793.transCollectNewsCountFromRedisToDb(<generated>)
	at com.mzl.incomeexpensemanagesystem.schedule.NewsCollectTask.executeInternal(NewsCollectTask.java:42)
	at org.springframework.scheduling.quartz.QuartzJobBean.execute(QuartzJobBean.java:75)
	at org.quartz.core.JobRunShell.run(JobRunShell.java:202)
	... 1 common frames omitted
2022-01-06 16:02:59.136 [quartzScheduler_Worker-7] ERROR org.quartz.core.JobRunShell - Job DEFAULT.CollectNewsTaskQuartz threw an unhandled Exception: 
java.lang.ClassCastException: java.lang.Integer cannot be cast to java.lang.Long
	at com.mzl.incomeexpensemanagesystem.service.impl.NewsServiceImpl.getCollectNewsCountFromRedis(NewsServiceImpl.java:216)
	at com.mzl.incomeexpensemanagesystem.service.impl.NewsServiceImpl.transCollectNewsCountFromRedisToDb(NewsServiceImpl.java:192)
	at com.mzl.incomeexpensemanagesystem.service.impl.NewsServiceImpl$$FastClassBySpringCGLIB$$68a95c74.invoke(<generated>)
	at org.springframework.cglib.proxy.MethodProxy.invoke(MethodProxy.java:218)
	at org.springframework.aop.framework.CglibAopProxy$CglibMethodInvocation.invokeJoinpoint(CglibAopProxy.java:783)
	at org.springframework.aop.framework.ReflectiveMethodInvocation.proceed(ReflectiveMethodInvocation.java:163)
	at org.springframework.aop.framework.CglibAopProxy$CglibMethodInvocation.proceed(CglibAopProxy.java:753)
	at org.springframework.transaction.interceptor.TransactionInterceptor$1.proceedWithInvocation(TransactionInterceptor.java:123)
	at org.springframework.transaction.interceptor.TransactionAspectSupport.invokeWithinTransaction(TransactionAspectSupport.java:388)
	at org.springframework.transaction.interceptor.TransactionInterceptor.invoke(TransactionInterceptor.java:119)
	at org.springframework.aop.framework.ReflectiveMethodInvocation.proceed(ReflectiveMethodInvocation.java:186)
	at org.springframework.aop.framework.CglibAopProxy$CglibMethodInvocation.proceed(CglibAopProxy.java:753)
	at org.springframework.aop.framework.CglibAopProxy$DynamicAdvisedInterceptor.intercept(CglibAopProxy.java:698)
	at com.mzl.incomeexpensemanagesystem.service.impl.NewsServiceImpl$$EnhancerBySpringCGLIB$$17d0793.transCollectNewsCountFromRedisToDb(<generated>)
	at com.mzl.incomeexpensemanagesystem.schedule.NewsCollectTask.executeInternal(NewsCollectTask.java:42)
	at org.springframework.scheduling.quartz.QuartzJobBean.execute(QuartzJobBean.java:75)
	at org.quartz.core.JobRunShell.run(JobRunShell.java:202)
	at org.quartz.simpl.SimpleThreadPool$WorkerThread.run(SimpleThreadPool.java:573)
2022-01-06 16:02:59.136 [quartzScheduler_Worker-7] ERROR org.quartz.core.ErrorLogger - Job (DEFAULT.CollectNewsTaskQuartz threw an exception.
org.quartz.SchedulerException: Job threw an unhandled exception.
	at org.quartz.core.JobRunShell.run(JobRunShell.java:213)
	at org.quartz.simpl.SimpleThreadPool$WorkerThread.run(SimpleThreadPool.java:573)
Caused by: java.lang.ClassCastException: java.lang.Integer cannot be cast to java.lang.Long
	at com.mzl.incomeexpensemanagesystem.service.impl.NewsServiceImpl.getCollectNewsCountFromRedis(NewsServiceImpl.java:216)
	at com.mzl.incomeexpensemanagesystem.service.impl.NewsServiceImpl.transCollectNewsCountFromRedisToDb(NewsServiceImpl.java:192)
	at com.mzl.incomeexpensemanagesystem.service.impl.NewsServiceImpl$$FastClassBySpringCGLIB$$68a95c74.invoke(<generated>)
	at org.springframework.cglib.proxy.MethodProxy.invoke(MethodProxy.java:218)
	at org.springframework.aop.framework.CglibAopProxy$CglibMethodInvocation.invokeJoinpoint(CglibAopProxy.java:783)
	at org.springframework.aop.framework.ReflectiveMethodInvocation.proceed(ReflectiveMethodInvocation.java:163)
	at org.springframework.aop.framework.CglibAopProxy$CglibMethodInvocation.proceed(CglibAopProxy.java:753)
	at org.springframework.transaction.interceptor.TransactionInterceptor$1.proceedWithInvocation(TransactionInterceptor.java:123)
	at org.springframework.transaction.interceptor.TransactionAspectSupport.invokeWithinTransaction(TransactionAspectSupport.java:388)
	at org.springframework.transaction.interceptor.TransactionInterceptor.invoke(TransactionInterceptor.java:119)
	at org.springframework.aop.framework.ReflectiveMethodInvocation.proceed(ReflectiveMethodInvocation.java:186)
	at org.springframework.aop.framework.CglibAopProxy$CglibMethodInvocation.proceed(CglibAopProxy.java:753)
	at org.springframework.aop.framework.CglibAopProxy$DynamicAdvisedInterceptor.intercept(CglibAopProxy.java:698)
	at com.mzl.incomeexpensemanagesystem.service.impl.NewsServiceImpl$$EnhancerBySpringCGLIB$$17d0793.transCollectNewsCountFromRedisToDb(<generated>)
	at com.mzl.incomeexpensemanagesystem.schedule.NewsCollectTask.executeInternal(NewsCollectTask.java:42)
	at org.springframework.scheduling.quartz.QuartzJobBean.execute(QuartzJobBean.java:75)
	at org.quartz.core.JobRunShell.run(JobRunShell.java:202)
	... 1 common frames omitted
2022-01-06 16:03:09.136 [quartzScheduler_Worker-8] ERROR org.quartz.core.JobRunShell - Job DEFAULT.CollectNewsTaskQuartz threw an unhandled Exception: 
java.lang.ClassCastException: java.lang.Integer cannot be cast to java.lang.Long
	at com.mzl.incomeexpensemanagesystem.service.impl.NewsServiceImpl.getCollectNewsCountFromRedis(NewsServiceImpl.java:216)
	at com.mzl.incomeexpensemanagesystem.service.impl.NewsServiceImpl.transCollectNewsCountFromRedisToDb(NewsServiceImpl.java:192)
	at com.mzl.incomeexpensemanagesystem.service.impl.NewsServiceImpl$$FastClassBySpringCGLIB$$68a95c74.invoke(<generated>)
	at org.springframework.cglib.proxy.MethodProxy.invoke(MethodProxy.java:218)
	at org.springframework.aop.framework.CglibAopProxy$CglibMethodInvocation.invokeJoinpoint(CglibAopProxy.java:783)
	at org.springframework.aop.framework.ReflectiveMethodInvocation.proceed(ReflectiveMethodInvocation.java:163)
	at org.springframework.aop.framework.CglibAopProxy$CglibMethodInvocation.proceed(CglibAopProxy.java:753)
	at org.springframework.transaction.interceptor.TransactionInterceptor$1.proceedWithInvocation(TransactionInterceptor.java:123)
	at org.springframework.transaction.interceptor.TransactionAspectSupport.invokeWithinTransaction(TransactionAspectSupport.java:388)
	at org.springframework.transaction.interceptor.TransactionInterceptor.invoke(TransactionInterceptor.java:119)
	at org.springframework.aop.framework.ReflectiveMethodInvocation.proceed(ReflectiveMethodInvocation.java:186)
	at org.springframework.aop.framework.CglibAopProxy$CglibMethodInvocation.proceed(CglibAopProxy.java:753)
	at org.springframework.aop.framework.CglibAopProxy$DynamicAdvisedInterceptor.intercept(CglibAopProxy.java:698)
	at com.mzl.incomeexpensemanagesystem.service.impl.NewsServiceImpl$$EnhancerBySpringCGLIB$$17d0793.transCollectNewsCountFromRedisToDb(<generated>)
	at com.mzl.incomeexpensemanagesystem.schedule.NewsCollectTask.executeInternal(NewsCollectTask.java:42)
	at org.springframework.scheduling.quartz.QuartzJobBean.execute(QuartzJobBean.java:75)
	at org.quartz.core.JobRunShell.run(JobRunShell.java:202)
	at org.quartz.simpl.SimpleThreadPool$WorkerThread.run(SimpleThreadPool.java:573)
2022-01-06 16:03:09.136 [quartzScheduler_Worker-8] ERROR org.quartz.core.ErrorLogger - Job (DEFAULT.CollectNewsTaskQuartz threw an exception.
org.quartz.SchedulerException: Job threw an unhandled exception.
	at org.quartz.core.JobRunShell.run(JobRunShell.java:213)
	at org.quartz.simpl.SimpleThreadPool$WorkerThread.run(SimpleThreadPool.java:573)
Caused by: java.lang.ClassCastException: java.lang.Integer cannot be cast to java.lang.Long
	at com.mzl.incomeexpensemanagesystem.service.impl.NewsServiceImpl.getCollectNewsCountFromRedis(NewsServiceImpl.java:216)
	at com.mzl.incomeexpensemanagesystem.service.impl.NewsServiceImpl.transCollectNewsCountFromRedisToDb(NewsServiceImpl.java:192)
	at com.mzl.incomeexpensemanagesystem.service.impl.NewsServiceImpl$$FastClassBySpringCGLIB$$68a95c74.invoke(<generated>)
	at org.springframework.cglib.proxy.MethodProxy.invoke(MethodProxy.java:218)
	at org.springframework.aop.framework.CglibAopProxy$CglibMethodInvocation.invokeJoinpoint(CglibAopProxy.java:783)
	at org.springframework.aop.framework.ReflectiveMethodInvocation.proceed(ReflectiveMethodInvocation.java:163)
	at org.springframework.aop.framework.CglibAopProxy$CglibMethodInvocation.proceed(CglibAopProxy.java:753)
	at org.springframework.transaction.interceptor.TransactionInterceptor$1.proceedWithInvocation(TransactionInterceptor.java:123)
	at org.springframework.transaction.interceptor.TransactionAspectSupport.invokeWithinTransaction(TransactionAspectSupport.java:388)
	at org.springframework.transaction.interceptor.TransactionInterceptor.invoke(TransactionInterceptor.java:119)
	at org.springframework.aop.framework.ReflectiveMethodInvocation.proceed(ReflectiveMethodInvocation.java:186)
	at org.springframework.aop.framework.CglibAopProxy$CglibMethodInvocation.proceed(CglibAopProxy.java:753)
	at org.springframework.aop.framework.CglibAopProxy$DynamicAdvisedInterceptor.intercept(CglibAopProxy.java:698)
	at com.mzl.incomeexpensemanagesystem.service.impl.NewsServiceImpl$$EnhancerBySpringCGLIB$$17d0793.transCollectNewsCountFromRedisToDb(<generated>)
	at com.mzl.incomeexpensemanagesystem.schedule.NewsCollectTask.executeInternal(NewsCollectTask.java:42)
	at org.springframework.scheduling.quartz.QuartzJobBean.execute(QuartzJobBean.java:75)
	at org.quartz.core.JobRunShell.run(JobRunShell.java:202)
	... 1 common frames omitted
2022-01-06 16:03:19.135 [quartzScheduler_Worker-9] ERROR org.quartz.core.JobRunShell - Job DEFAULT.CollectNewsTaskQuartz threw an unhandled Exception: 
java.lang.ClassCastException: java.lang.Integer cannot be cast to java.lang.Long
	at com.mzl.incomeexpensemanagesystem.service.impl.NewsServiceImpl.getCollectNewsCountFromRedis(NewsServiceImpl.java:216)
	at com.mzl.incomeexpensemanagesystem.service.impl.NewsServiceImpl.transCollectNewsCountFromRedisToDb(NewsServiceImpl.java:192)
	at com.mzl.incomeexpensemanagesystem.service.impl.NewsServiceImpl$$FastClassBySpringCGLIB$$68a95c74.invoke(<generated>)
	at org.springframework.cglib.proxy.MethodProxy.invoke(MethodProxy.java:218)
	at org.springframework.aop.framework.CglibAopProxy$CglibMethodInvocation.invokeJoinpoint(CglibAopProxy.java:783)
	at org.springframework.aop.framework.ReflectiveMethodInvocation.proceed(ReflectiveMethodInvocation.java:163)
	at org.springframework.aop.framework.CglibAopProxy$CglibMethodInvocation.proceed(CglibAopProxy.java:753)
	at org.springframework.transaction.interceptor.TransactionInterceptor$1.proceedWithInvocation(TransactionInterceptor.java:123)
	at org.springframework.transaction.interceptor.TransactionAspectSupport.invokeWithinTransaction(TransactionAspectSupport.java:388)
	at org.springframework.transaction.interceptor.TransactionInterceptor.invoke(TransactionInterceptor.java:119)
	at org.springframework.aop.framework.ReflectiveMethodInvocation.proceed(ReflectiveMethodInvocation.java:186)
	at org.springframework.aop.framework.CglibAopProxy$CglibMethodInvocation.proceed(CglibAopProxy.java:753)
	at org.springframework.aop.framework.CglibAopProxy$DynamicAdvisedInterceptor.intercept(CglibAopProxy.java:698)
	at com.mzl.incomeexpensemanagesystem.service.impl.NewsServiceImpl$$EnhancerBySpringCGLIB$$17d0793.transCollectNewsCountFromRedisToDb(<generated>)
	at com.mzl.incomeexpensemanagesystem.schedule.NewsCollectTask.executeInternal(NewsCollectTask.java:42)
	at org.springframework.scheduling.quartz.QuartzJobBean.execute(QuartzJobBean.java:75)
	at org.quartz.core.JobRunShell.run(JobRunShell.java:202)
	at org.quartz.simpl.SimpleThreadPool$WorkerThread.run(SimpleThreadPool.java:573)
2022-01-06 16:03:19.135 [quartzScheduler_Worker-9] ERROR org.quartz.core.ErrorLogger - Job (DEFAULT.CollectNewsTaskQuartz threw an exception.
org.quartz.SchedulerException: Job threw an unhandled exception.
	at org.quartz.core.JobRunShell.run(JobRunShell.java:213)
	at org.quartz.simpl.SimpleThreadPool$WorkerThread.run(SimpleThreadPool.java:573)
Caused by: java.lang.ClassCastException: java.lang.Integer cannot be cast to java.lang.Long
	at com.mzl.incomeexpensemanagesystem.service.impl.NewsServiceImpl.getCollectNewsCountFromRedis(NewsServiceImpl.java:216)
	at com.mzl.incomeexpensemanagesystem.service.impl.NewsServiceImpl.transCollectNewsCountFromRedisToDb(NewsServiceImpl.java:192)
	at com.mzl.incomeexpensemanagesystem.service.impl.NewsServiceImpl$$FastClassBySpringCGLIB$$68a95c74.invoke(<generated>)
	at org.springframework.cglib.proxy.MethodProxy.invoke(MethodProxy.java:218)
	at org.springframework.aop.framework.CglibAopProxy$CglibMethodInvocation.invokeJoinpoint(CglibAopProxy.java:783)
	at org.springframework.aop.framework.ReflectiveMethodInvocation.proceed(ReflectiveMethodInvocation.java:163)
	at org.springframework.aop.framework.CglibAopProxy$CglibMethodInvocation.proceed(CglibAopProxy.java:753)
	at org.springframework.transaction.interceptor.TransactionInterceptor$1.proceedWithInvocation(TransactionInterceptor.java:123)
	at org.springframework.transaction.interceptor.TransactionAspectSupport.invokeWithinTransaction(TransactionAspectSupport.java:388)
	at org.springframework.transaction.interceptor.TransactionInterceptor.invoke(TransactionInterceptor.java:119)
	at org.springframework.aop.framework.ReflectiveMethodInvocation.proceed(ReflectiveMethodInvocation.java:186)
	at org.springframework.aop.framework.CglibAopProxy$CglibMethodInvocation.proceed(CglibAopProxy.java:753)
	at org.springframework.aop.framework.CglibAopProxy$DynamicAdvisedInterceptor.intercept(CglibAopProxy.java:698)
	at com.mzl.incomeexpensemanagesystem.service.impl.NewsServiceImpl$$EnhancerBySpringCGLIB$$17d0793.transCollectNewsCountFromRedisToDb(<generated>)
	at com.mzl.incomeexpensemanagesystem.schedule.NewsCollectTask.executeInternal(NewsCollectTask.java:42)
	at org.springframework.scheduling.quartz.QuartzJobBean.execute(QuartzJobBean.java:75)
	at org.quartz.core.JobRunShell.run(JobRunShell.java:202)
	... 1 common frames omitted
2022-01-06 16:03:29.135 [quartzScheduler_Worker-10] ERROR org.quartz.core.JobRunShell - Job DEFAULT.CollectNewsTaskQuartz threw an unhandled Exception: 
java.lang.ClassCastException: java.lang.Integer cannot be cast to java.lang.Long
	at com.mzl.incomeexpensemanagesystem.service.impl.NewsServiceImpl.getCollectNewsCountFromRedis(NewsServiceImpl.java:216)
	at com.mzl.incomeexpensemanagesystem.service.impl.NewsServiceImpl.transCollectNewsCountFromRedisToDb(NewsServiceImpl.java:192)
	at com.mzl.incomeexpensemanagesystem.service.impl.NewsServiceImpl$$FastClassBySpringCGLIB$$68a95c74.invoke(<generated>)
	at org.springframework.cglib.proxy.MethodProxy.invoke(MethodProxy.java:218)
	at org.springframework.aop.framework.CglibAopProxy$CglibMethodInvocation.invokeJoinpoint(CglibAopProxy.java:783)
	at org.springframework.aop.framework.ReflectiveMethodInvocation.proceed(ReflectiveMethodInvocation.java:163)
	at org.springframework.aop.framework.CglibAopProxy$CglibMethodInvocation.proceed(CglibAopProxy.java:753)
	at org.springframework.transaction.interceptor.TransactionInterceptor$1.proceedWithInvocation(TransactionInterceptor.java:123)
	at org.springframework.transaction.interceptor.TransactionAspectSupport.invokeWithinTransaction(TransactionAspectSupport.java:388)
	at org.springframework.transaction.interceptor.TransactionInterceptor.invoke(TransactionInterceptor.java:119)
	at org.springframework.aop.framework.ReflectiveMethodInvocation.proceed(ReflectiveMethodInvocation.java:186)
	at org.springframework.aop.framework.CglibAopProxy$CglibMethodInvocation.proceed(CglibAopProxy.java:753)
	at org.springframework.aop.framework.CglibAopProxy$DynamicAdvisedInterceptor.intercept(CglibAopProxy.java:698)
	at com.mzl.incomeexpensemanagesystem.service.impl.NewsServiceImpl$$EnhancerBySpringCGLIB$$17d0793.transCollectNewsCountFromRedisToDb(<generated>)
	at com.mzl.incomeexpensemanagesystem.schedule.NewsCollectTask.executeInternal(NewsCollectTask.java:42)
	at org.springframework.scheduling.quartz.QuartzJobBean.execute(QuartzJobBean.java:75)
	at org.quartz.core.JobRunShell.run(JobRunShell.java:202)
	at org.quartz.simpl.SimpleThreadPool$WorkerThread.run(SimpleThreadPool.java:573)
2022-01-06 16:03:29.135 [quartzScheduler_Worker-10] ERROR org.quartz.core.ErrorLogger - Job (DEFAULT.CollectNewsTaskQuartz threw an exception.
org.quartz.SchedulerException: Job threw an unhandled exception.
	at org.quartz.core.JobRunShell.run(JobRunShell.java:213)
	at org.quartz.simpl.SimpleThreadPool$WorkerThread.run(SimpleThreadPool.java:573)
Caused by: java.lang.ClassCastException: java.lang.Integer cannot be cast to java.lang.Long
	at com.mzl.incomeexpensemanagesystem.service.impl.NewsServiceImpl.getCollectNewsCountFromRedis(NewsServiceImpl.java:216)
	at com.mzl.incomeexpensemanagesystem.service.impl.NewsServiceImpl.transCollectNewsCountFromRedisToDb(NewsServiceImpl.java:192)
	at com.mzl.incomeexpensemanagesystem.service.impl.NewsServiceImpl$$FastClassBySpringCGLIB$$68a95c74.invoke(<generated>)
	at org.springframework.cglib.proxy.MethodProxy.invoke(MethodProxy.java:218)
	at org.springframework.aop.framework.CglibAopProxy$CglibMethodInvocation.invokeJoinpoint(CglibAopProxy.java:783)
	at org.springframework.aop.framework.ReflectiveMethodInvocation.proceed(ReflectiveMethodInvocation.java:163)
	at org.springframework.aop.framework.CglibAopProxy$CglibMethodInvocation.proceed(CglibAopProxy.java:753)
	at org.springframework.transaction.interceptor.TransactionInterceptor$1.proceedWithInvocation(TransactionInterceptor.java:123)
	at org.springframework.transaction.interceptor.TransactionAspectSupport.invokeWithinTransaction(TransactionAspectSupport.java:388)
	at org.springframework.transaction.interceptor.TransactionInterceptor.invoke(TransactionInterceptor.java:119)
	at org.springframework.aop.framework.ReflectiveMethodInvocation.proceed(ReflectiveMethodInvocation.java:186)
	at org.springframework.aop.framework.CglibAopProxy$CglibMethodInvocation.proceed(CglibAopProxy.java:753)
	at org.springframework.aop.framework.CglibAopProxy$DynamicAdvisedInterceptor.intercept(CglibAopProxy.java:698)
	at com.mzl.incomeexpensemanagesystem.service.impl.NewsServiceImpl$$EnhancerBySpringCGLIB$$17d0793.transCollectNewsCountFromRedisToDb(<generated>)
	at com.mzl.incomeexpensemanagesystem.schedule.NewsCollectTask.executeInternal(NewsCollectTask.java:42)
	at org.springframework.scheduling.quartz.QuartzJobBean.execute(QuartzJobBean.java:75)
	at org.quartz.core.JobRunShell.run(JobRunShell.java:202)
	... 1 common frames omitted
2022-01-06 16:03:39.137 [quartzScheduler_Worker-1] ERROR org.quartz.core.JobRunShell - Job DEFAULT.CollectNewsTaskQuartz threw an unhandled Exception: 
java.lang.ClassCastException: java.lang.Integer cannot be cast to java.lang.Long
	at com.mzl.incomeexpensemanagesystem.service.impl.NewsServiceImpl.getCollectNewsCountFromRedis(NewsServiceImpl.java:216)
	at com.mzl.incomeexpensemanagesystem.service.impl.NewsServiceImpl.transCollectNewsCountFromRedisToDb(NewsServiceImpl.java:192)
	at com.mzl.incomeexpensemanagesystem.service.impl.NewsServiceImpl$$FastClassBySpringCGLIB$$68a95c74.invoke(<generated>)
	at org.springframework.cglib.proxy.MethodProxy.invoke(MethodProxy.java:218)
	at org.springframework.aop.framework.CglibAopProxy$CglibMethodInvocation.invokeJoinpoint(CglibAopProxy.java:783)
	at org.springframework.aop.framework.ReflectiveMethodInvocation.proceed(ReflectiveMethodInvocation.java:163)
	at org.springframework.aop.framework.CglibAopProxy$CglibMethodInvocation.proceed(CglibAopProxy.java:753)
	at org.springframework.transaction.interceptor.TransactionInterceptor$1.proceedWithInvocation(TransactionInterceptor.java:123)
	at org.springframework.transaction.interceptor.TransactionAspectSupport.invokeWithinTransaction(TransactionAspectSupport.java:388)
	at org.springframework.transaction.interceptor.TransactionInterceptor.invoke(TransactionInterceptor.java:119)
	at org.springframework.aop.framework.ReflectiveMethodInvocation.proceed(ReflectiveMethodInvocation.java:186)
	at org.springframework.aop.framework.CglibAopProxy$CglibMethodInvocation.proceed(CglibAopProxy.java:753)
	at org.springframework.aop.framework.CglibAopProxy$DynamicAdvisedInterceptor.intercept(CglibAopProxy.java:698)
	at com.mzl.incomeexpensemanagesystem.service.impl.NewsServiceImpl$$EnhancerBySpringCGLIB$$17d0793.transCollectNewsCountFromRedisToDb(<generated>)
	at com.mzl.incomeexpensemanagesystem.schedule.NewsCollectTask.executeInternal(NewsCollectTask.java:42)
	at org.springframework.scheduling.quartz.QuartzJobBean.execute(QuartzJobBean.java:75)
	at org.quartz.core.JobRunShell.run(JobRunShell.java:202)
	at org.quartz.simpl.SimpleThreadPool$WorkerThread.run(SimpleThreadPool.java:573)
2022-01-06 16:03:39.137 [quartzScheduler_Worker-1] ERROR org.quartz.core.ErrorLogger - Job (DEFAULT.CollectNewsTaskQuartz threw an exception.
org.quartz.SchedulerException: Job threw an unhandled exception.
	at org.quartz.core.JobRunShell.run(JobRunShell.java:213)
	at org.quartz.simpl.SimpleThreadPool$WorkerThread.run(SimpleThreadPool.java:573)
Caused by: java.lang.ClassCastException: java.lang.Integer cannot be cast to java.lang.Long
	at com.mzl.incomeexpensemanagesystem.service.impl.NewsServiceImpl.getCollectNewsCountFromRedis(NewsServiceImpl.java:216)
	at com.mzl.incomeexpensemanagesystem.service.impl.NewsServiceImpl.transCollectNewsCountFromRedisToDb(NewsServiceImpl.java:192)
	at com.mzl.incomeexpensemanagesystem.service.impl.NewsServiceImpl$$FastClassBySpringCGLIB$$68a95c74.invoke(<generated>)
	at org.springframework.cglib.proxy.MethodProxy.invoke(MethodProxy.java:218)
	at org.springframework.aop.framework.CglibAopProxy$CglibMethodInvocation.invokeJoinpoint(CglibAopProxy.java:783)
	at org.springframework.aop.framework.ReflectiveMethodInvocation.proceed(ReflectiveMethodInvocation.java:163)
	at org.springframework.aop.framework.CglibAopProxy$CglibMethodInvocation.proceed(CglibAopProxy.java:753)
	at org.springframework.transaction.interceptor.TransactionInterceptor$1.proceedWithInvocation(TransactionInterceptor.java:123)
	at org.springframework.transaction.interceptor.TransactionAspectSupport.invokeWithinTransaction(TransactionAspectSupport.java:388)
	at org.springframework.transaction.interceptor.TransactionInterceptor.invoke(TransactionInterceptor.java:119)
	at org.springframework.aop.framework.ReflectiveMethodInvocation.proceed(ReflectiveMethodInvocation.java:186)
	at org.springframework.aop.framework.CglibAopProxy$CglibMethodInvocation.proceed(CglibAopProxy.java:753)
	at org.springframework.aop.framework.CglibAopProxy$DynamicAdvisedInterceptor.intercept(CglibAopProxy.java:698)
	at com.mzl.incomeexpensemanagesystem.service.impl.NewsServiceImpl$$EnhancerBySpringCGLIB$$17d0793.transCollectNewsCountFromRedisToDb(<generated>)
	at com.mzl.incomeexpensemanagesystem.schedule.NewsCollectTask.executeInternal(NewsCollectTask.java:42)
	at org.springframework.scheduling.quartz.QuartzJobBean.execute(QuartzJobBean.java:75)
	at org.quartz.core.JobRunShell.run(JobRunShell.java:202)
	... 1 common frames omitted
2022-01-06 20:09:27.430 [restartedMain] ERROR o.s.b.diagnostics.LoggingFailureAnalysisReporter - 

***************************
APPLICATION FAILED TO START
***************************

Description:

Field newsService in com.mzl.incomeexpensemanagesystem.controller.common.NewsController required a bean of type 'com.mzl.incomeexpensemanagesystem.service.NewsService' that could not be found.

The injection point has the following annotations:
	- @org.springframework.beans.factory.annotation.Autowired(required=true)


Action:

Consider defining a bean of type 'com.mzl.incomeexpensemanagesystem.service.NewsService' in your configuration.

2022-01-06 20:46:38.837 [http-nio-8888-exec-1] ERROR c.m.i.exception.GlobalExceptionHandler - :
java.lang.NullPointerException: null
	at com.mzl.incomeexpensemanagesystem.service.impl.AnnouncementServiceImpl.selectPageAnnouncement(AnnouncementServiceImpl.java:41)
	at com.mzl.incomeexpensemanagesystem.service.impl.AnnouncementServiceImpl$$FastClassBySpringCGLIB$$d8a35780.invoke(<generated>)
	at org.springframework.cglib.proxy.MethodProxy.invoke(MethodProxy.java:218)
	at org.springframework.aop.framework.CglibAopProxy$DynamicAdvisedInterceptor.intercept(CglibAopProxy.java:689)
	at com.mzl.incomeexpensemanagesystem.service.impl.AnnouncementServiceImpl$$EnhancerBySpringCGLIB$$fe224c2.selectPageAnnouncement(<generated>)
	at com.mzl.incomeexpensemanagesystem.controller.common.AnnouncementController.selectPageAnnouncement(AnnouncementController.java:34)
	at sun.reflect.NativeMethodAccessorImpl.invoke0(Native Method)
	at sun.reflect.NativeMethodAccessorImpl.invoke(NativeMethodAccessorImpl.java:62)
	at sun.reflect.DelegatingMethodAccessorImpl.invoke(DelegatingMethodAccessorImpl.java:43)
	at java.lang.reflect.Method.invoke(Method.java:498)
	at org.springframework.web.method.support.InvocableHandlerMethod.doInvoke(InvocableHandlerMethod.java:205)
	at org.springframework.web.method.support.InvocableHandlerMethod.invokeForRequest(InvocableHandlerMethod.java:150)
	at org.springframework.web.servlet.mvc.method.annotation.ServletInvocableHandlerMethod.invokeAndHandle(ServletInvocableHandlerMethod.java:117)
	at org.springframework.web.servlet.mvc.method.annotation.RequestMappingHandlerAdapter.invokeHandlerMethod(RequestMappingHandlerAdapter.java:895)
	at org.springframework.web.servlet.mvc.method.annotation.RequestMappingHandlerAdapter.handleInternal(RequestMappingHandlerAdapter.java:808)
	at org.springframework.web.servlet.mvc.method.AbstractHandlerMethodAdapter.handle(AbstractHandlerMethodAdapter.java:87)
	at org.springframework.web.servlet.DispatcherServlet.doDispatch(DispatcherServlet.java:1067)
	at org.springframework.web.servlet.DispatcherServlet.doService(DispatcherServlet.java:963)
	at org.springframework.web.servlet.FrameworkServlet.processRequest(FrameworkServlet.java:1006)
	at org.springframework.web.servlet.FrameworkServlet.doGet(FrameworkServlet.java:898)
	at javax.servlet.http.HttpServlet.service(HttpServlet.java:655)
	at org.springframework.web.servlet.FrameworkServlet.service(FrameworkServlet.java:883)
	at javax.servlet.http.HttpServlet.service(HttpServlet.java:764)
	at org.apache.catalina.core.ApplicationFilterChain.internalDoFilter(ApplicationFilterChain.java:227)
	at org.apache.catalina.core.ApplicationFilterChain.doFilter(ApplicationFilterChain.java:162)
	at org.apache.tomcat.websocket.server.WsFilter.doFilter(WsFilter.java:53)
	at org.apache.catalina.core.ApplicationFilterChain.internalDoFilter(ApplicationFilterChain.java:189)
	at org.apache.catalina.core.ApplicationFilterChain.doFilter(ApplicationFilterChain.java:162)
	at com.github.xiaoymin.knife4j.spring.filter.ProductionSecurityFilter.doFilter(ProductionSecurityFilter.java:53)
	at org.apache.catalina.core.ApplicationFilterChain.internalDoFilter(ApplicationFilterChain.java:189)
	at org.apache.catalina.core.ApplicationFilterChain.doFilter(ApplicationFilterChain.java:162)
	at com.github.xiaoymin.knife4j.spring.filter.SecurityBasicAuthFilter.doFilter(SecurityBasicAuthFilter.java:90)
	at org.apache.catalina.core.ApplicationFilterChain.internalDoFilter(ApplicationFilterChain.java:189)
	at org.apache.catalina.core.ApplicationFilterChain.doFilter(ApplicationFilterChain.java:162)
	at org.springframework.web.filter.RequestContextFilter.doFilterInternal(RequestContextFilter.java:100)
	at org.springframework.web.filter.OncePerRequestFilter.doFilter(OncePerRequestFilter.java:119)
	at org.apache.catalina.core.ApplicationFilterChain.internalDoFilter(ApplicationFilterChain.java:189)
	at org.apache.catalina.core.ApplicationFilterChain.doFilter(ApplicationFilterChain.java:162)
	at org.springframework.web.filter.FormContentFilter.doFilterInternal(FormContentFilter.java:93)
	at org.springframework.web.filter.OncePerRequestFilter.doFilter(OncePerRequestFilter.java:119)
	at org.apache.catalina.core.ApplicationFilterChain.internalDoFilter(ApplicationFilterChain.java:189)
	at org.apache.catalina.core.ApplicationFilterChain.doFilter(ApplicationFilterChain.java:162)
	at org.springframework.session.web.http.SessionRepositoryFilter.doFilterInternal(SessionRepositoryFilter.java:142)
	at org.springframework.session.web.http.OncePerRequestFilter.doFilter(OncePerRequestFilter.java:82)
	at org.apache.catalina.core.ApplicationFilterChain.internalDoFilter(ApplicationFilterChain.java:189)
	at org.apache.catalina.core.ApplicationFilterChain.doFilter(ApplicationFilterChain.java:162)
	at org.springframework.web.filter.CharacterEncodingFilter.doFilterInternal(CharacterEncodingFilter.java:201)
	at org.springframework.web.filter.OncePerRequestFilter.doFilter(OncePerRequestFilter.java:119)
	at org.apache.catalina.core.ApplicationFilterChain.internalDoFilter(ApplicationFilterChain.java:189)
	at org.apache.catalina.core.ApplicationFilterChain.doFilter(ApplicationFilterChain.java:162)
	at org.apache.catalina.core.StandardWrapperValve.invoke(StandardWrapperValve.java:197)
	at org.apache.catalina.core.StandardContextValve.invoke(StandardContextValve.java:97)
	at org.apache.catalina.authenticator.AuthenticatorBase.invoke(AuthenticatorBase.java:540)
	at org.apache.catalina.core.StandardHostValve.invoke(StandardHostValve.java:135)
	at org.apache.catalina.valves.ErrorReportValve.invoke(ErrorReportValve.java:92)
	at org.apache.catalina.core.StandardEngineValve.invoke(StandardEngineValve.java:78)
	at org.apache.catalina.connector.CoyoteAdapter.service(CoyoteAdapter.java:357)
	at org.apache.coyote.http11.Http11Processor.service(Http11Processor.java:382)
	at org.apache.coyote.AbstractProcessorLight.process(AbstractProcessorLight.java:65)
	at org.apache.coyote.AbstractProtocol$ConnectionHandler.process(AbstractProtocol.java:895)
	at org.apache.tomcat.util.net.NioEndpoint$SocketProcessor.doRun(NioEndpoint.java:1722)
	at org.apache.tomcat.util.net.SocketProcessorBase.run(SocketProcessorBase.java:49)
	at org.apache.tomcat.util.threads.ThreadPoolExecutor.runWorker(ThreadPoolExecutor.java:1191)
	at org.apache.tomcat.util.threads.ThreadPoolExecutor$Worker.run(ThreadPoolExecutor.java:659)
	at org.apache.tomcat.util.threads.TaskThread$WrappingRunnable.run(TaskThread.java:61)
	at java.lang.Thread.run(Thread.java:748)
