2022-02-28 00:00:03.726 [registrationTask1] WARN  d.c.b.a.client.registration.ApplicationRegistrator - Failed to register application as Application(name=spring-boot-application, managementUrl=http://LAPTOP-FK4AGT9C.mshome.net:8888/incomeExpense/actuator, healthUrl=http://LAPTOP-FK4AGT9C.mshome.net:8888/incomeExpense/actuator/health, serviceUrl=http://LAPTOP-FK4AGT9C.mshome.net:8888/incomeExpense) at spring-boot-admin ([http://localhost:8888/incomeExpense/instances]): 404 : "{"timestamp":"2022-02-27T16:00:03.613+00:00","status":404,"error":"Not Found","message":"No message available","path":"/incomeExpense/instances"}". Further attempts are logged on DEBUG level
2022-02-28 00:07:56.305 [restartedMain] WARN  s.d.s.w.readers.parameter.ParameterDataTypeReader - Trying to infer dataType java.lang.Integer[]
2022-02-28 00:07:56.322 [restartedMain] WARN  s.d.s.w.readers.parameter.ParameterDataTypeReader - Trying to infer dataType java.lang.Integer[]
2022-02-28 00:07:56.352 [restartedMain] WARN  s.d.s.w.readers.parameter.ParameterDataTypeReader - Trying to infer dataType java.lang.Integer[]
2022-02-28 00:07:56.422 [restartedMain] WARN  s.d.s.w.readers.parameter.ParameterDataTypeReader - Trying to infer dataType java.lang.Integer[]
2022-02-28 00:07:56.503 [restartedMain] WARN  s.d.s.w.readers.parameter.ParameterDataTypeReader - Trying to infer dataType java.lang.Integer[]
2022-02-28 00:07:56.511 [restartedMain] WARN  s.d.s.w.readers.parameter.ParameterDataTypeReader - Trying to infer dataType java.lang.Integer[]
2022-02-28 00:07:56.514 [restartedMain] WARN  s.d.s.w.readers.parameter.ParameterDataTypeReader - Trying to infer dataType java.lang.Integer[]
2022-02-28 00:07:56.516 [restartedMain] WARN  s.d.s.w.readers.parameter.ParameterDataTypeReader - Trying to infer dataType java.lang.Integer[]
2022-02-28 00:07:56.519 [restartedMain] WARN  s.d.s.w.readers.parameter.ParameterDataTypeReader - Trying to infer dataType java.lang.Integer[]
2022-02-28 00:07:56.560 [restartedMain] WARN  s.d.s.w.readers.parameter.ParameterDataTypeReader - Trying to infer dataType java.lang.Integer[]
2022-02-28 00:07:59.517 [registrationTask1] WARN  d.c.b.a.client.registration.ApplicationRegistrator - Failed to register application as Application(name=spring-boot-application, managementUrl=http://LAPTOP-FK4AGT9C.mshome.net:8888/incomeExpense/actuator, healthUrl=http://LAPTOP-FK4AGT9C.mshome.net:8888/incomeExpense/actuator/health, serviceUrl=http://LAPTOP-FK4AGT9C.mshome.net:8888/incomeExpense) at spring-boot-admin ([http://localhost:8888/incomeExpense/instances]): 404 : "{"timestamp":"2022-02-27T16:07:59.463+00:00","status":404,"error":"Not Found","message":"No message available","path":"/incomeExpense/instances"}". Further attempts are logged on DEBUG level
2022-02-28 00:09:54.081 [restartedMain] WARN  s.d.s.w.readers.parameter.ParameterDataTypeReader - Trying to infer dataType java.lang.Integer[]
2022-02-28 00:09:54.123 [restartedMain] WARN  s.d.s.w.readers.parameter.ParameterDataTypeReader - Trying to infer dataType java.lang.Integer[]
2022-02-28 00:09:54.186 [restartedMain] WARN  s.d.s.w.readers.parameter.ParameterDataTypeReader - Trying to infer dataType java.lang.Integer[]
2022-02-28 00:09:54.338 [restartedMain] WARN  s.d.s.w.readers.parameter.ParameterDataTypeReader - Trying to infer dataType java.lang.Integer[]
2022-02-28 00:09:54.462 [restartedMain] WARN  s.d.s.w.readers.parameter.ParameterDataTypeReader - Trying to infer dataType java.lang.Integer[]
2022-02-28 00:09:54.470 [restartedMain] WARN  s.d.s.w.readers.parameter.ParameterDataTypeReader - Trying to infer dataType java.lang.Integer[]
2022-02-28 00:09:54.472 [restartedMain] WARN  s.d.s.w.readers.parameter.ParameterDataTypeReader - Trying to infer dataType java.lang.Integer[]
2022-02-28 00:09:54.474 [restartedMain] WARN  s.d.s.w.readers.parameter.ParameterDataTypeReader - Trying to infer dataType java.lang.Integer[]
2022-02-28 00:09:54.478 [restartedMain] WARN  s.d.s.w.readers.parameter.ParameterDataTypeReader - Trying to infer dataType java.lang.Integer[]
2022-02-28 00:09:54.526 [restartedMain] WARN  s.d.s.w.readers.parameter.ParameterDataTypeReader - Trying to infer dataType java.lang.Integer[]
2022-02-28 00:09:57.830 [registrationTask1] WARN  d.c.b.a.client.registration.ApplicationRegistrator - Failed to register application as Application(name=spring-boot-application, managementUrl=http://LAPTOP-FK4AGT9C.mshome.net:8888/incomeExpense/actuator, healthUrl=http://LAPTOP-FK4AGT9C.mshome.net:8888/incomeExpense/actuator/health, serviceUrl=http://LAPTOP-FK4AGT9C.mshome.net:8888/incomeExpense) at spring-boot-admin ([http://localhost:8888/incomeExpense/instances]): 404 : "{"timestamp":"2022-02-27T16:09:57.773+00:00","status":404,"error":"Not Found","message":"No message available","path":"/incomeExpense/instances"}". Further attempts are logged on DEBUG level
2022-02-28 00:18:38.131 [restartedMain] WARN  s.d.s.w.readers.parameter.ParameterDataTypeReader - Trying to infer dataType java.lang.Integer[]
2022-02-28 00:18:38.156 [restartedMain] WARN  s.d.s.w.readers.parameter.ParameterDataTypeReader - Trying to infer dataType java.lang.Integer[]
2022-02-28 00:18:38.198 [restartedMain] WARN  s.d.s.w.readers.parameter.ParameterDataTypeReader - Trying to infer dataType java.lang.Integer[]
2022-02-28 00:18:38.286 [restartedMain] WARN  s.d.s.w.readers.parameter.ParameterDataTypeReader - Trying to infer dataType java.lang.Integer[]
2022-02-28 00:18:38.399 [restartedMain] WARN  s.d.s.w.readers.parameter.ParameterDataTypeReader - Trying to infer dataType java.lang.Integer[]
2022-02-28 00:18:38.410 [restartedMain] WARN  s.d.s.w.readers.parameter.ParameterDataTypeReader - Trying to infer dataType java.lang.Integer[]
2022-02-28 00:18:38.412 [restartedMain] WARN  s.d.s.w.readers.parameter.ParameterDataTypeReader - Trying to infer dataType java.lang.Integer[]
2022-02-28 00:18:38.415 [restartedMain] WARN  s.d.s.w.readers.parameter.ParameterDataTypeReader - Trying to infer dataType java.lang.Integer[]
2022-02-28 00:18:38.420 [restartedMain] WARN  s.d.s.w.readers.parameter.ParameterDataTypeReader - Trying to infer dataType java.lang.Integer[]
2022-02-28 00:18:38.475 [restartedMain] WARN  s.d.s.w.readers.parameter.ParameterDataTypeReader - Trying to infer dataType java.lang.Integer[]
2022-02-28 00:18:41.746 [registrationTask1] WARN  d.c.b.a.client.registration.ApplicationRegistrator - Failed to register application as Application(name=spring-boot-application, managementUrl=http://LAPTOP-FK4AGT9C.mshome.net:8888/incomeExpense/actuator, healthUrl=http://LAPTOP-FK4AGT9C.mshome.net:8888/incomeExpense/actuator/health, serviceUrl=http://LAPTOP-FK4AGT9C.mshome.net:8888/incomeExpense) at spring-boot-admin ([http://localhost:8888/incomeExpense/instances]): 404 : "{"timestamp":"2022-02-27T16:18:41.679+00:00","status":404,"error":"Not Found","message":"No message available","path":"/incomeExpense/instances"}". Further attempts are logged on DEBUG level
2022-02-28 00:20:41.249 [restartedMain] WARN  s.d.s.w.readers.parameter.ParameterDataTypeReader - Trying to infer dataType java.lang.Integer[]
2022-02-28 00:20:41.281 [restartedMain] WARN  s.d.s.w.readers.parameter.ParameterDataTypeReader - Trying to infer dataType java.lang.Integer[]
2022-02-28 00:20:41.333 [restartedMain] WARN  s.d.s.w.readers.parameter.ParameterDataTypeReader - Trying to infer dataType java.lang.Integer[]
2022-02-28 00:20:41.443 [restartedMain] WARN  s.d.s.w.readers.parameter.ParameterDataTypeReader - Trying to infer dataType java.lang.Integer[]
2022-02-28 00:20:41.575 [restartedMain] WARN  s.d.s.w.readers.parameter.ParameterDataTypeReader - Trying to infer dataType java.lang.Integer[]
2022-02-28 00:20:41.585 [restartedMain] WARN  s.d.s.w.readers.parameter.ParameterDataTypeReader - Trying to infer dataType java.lang.Integer[]
2022-02-28 00:20:41.588 [restartedMain] WARN  s.d.s.w.readers.parameter.ParameterDataTypeReader - Trying to infer dataType java.lang.Integer[]
2022-02-28 00:20:41.591 [restartedMain] WARN  s.d.s.w.readers.parameter.ParameterDataTypeReader - Trying to infer dataType java.lang.Integer[]
2022-02-28 00:20:41.597 [restartedMain] WARN  s.d.s.w.readers.parameter.ParameterDataTypeReader - Trying to infer dataType java.lang.Integer[]
2022-02-28 00:20:41.655 [restartedMain] WARN  s.d.s.w.readers.parameter.ParameterDataTypeReader - Trying to infer dataType java.lang.Integer[]
2022-02-28 00:20:45.090 [registrationTask1] WARN  d.c.b.a.client.registration.ApplicationRegistrator - Failed to register application as Application(name=spring-boot-application, managementUrl=http://LAPTOP-FK4AGT9C.mshome.net:8888/incomeExpense/actuator, healthUrl=http://LAPTOP-FK4AGT9C.mshome.net:8888/incomeExpense/actuator/health, serviceUrl=http://LAPTOP-FK4AGT9C.mshome.net:8888/incomeExpense) at spring-boot-admin ([http://localhost:8888/incomeExpense/instances]): 404 : "{"timestamp":"2022-02-27T16:20:45.010+00:00","status":404,"error":"Not Found","message":"No message available","path":"/incomeExpense/instances"}". Further attempts are logged on DEBUG level
2022-02-28 00:25:46.921 [restartedMain] WARN  s.d.s.w.readers.parameter.ParameterDataTypeReader - Trying to infer dataType java.lang.Integer[]
2022-02-28 00:25:52.707 [restartedMain] WARN  s.d.s.w.readers.parameter.ParameterDataTypeReader - Trying to infer dataType java.lang.Integer[]
2022-02-28 00:25:52.758 [restartedMain] WARN  s.d.s.w.readers.parameter.ParameterDataTypeReader - Trying to infer dataType java.lang.Integer[]
2022-02-28 00:25:52.870 [restartedMain] WARN  s.d.s.w.readers.parameter.ParameterDataTypeReader - Trying to infer dataType java.lang.Integer[]
2022-02-28 00:25:52.986 [restartedMain] WARN  s.d.s.w.readers.parameter.ParameterDataTypeReader - Trying to infer dataType java.lang.Integer[]
2022-02-28 00:25:52.996 [restartedMain] WARN  s.d.s.w.readers.parameter.ParameterDataTypeReader - Trying to infer dataType java.lang.Integer[]
2022-02-28 00:25:52.998 [restartedMain] WARN  s.d.s.w.readers.parameter.ParameterDataTypeReader - Trying to infer dataType java.lang.Integer[]
2022-02-28 00:25:53.002 [restartedMain] WARN  s.d.s.w.readers.parameter.ParameterDataTypeReader - Trying to infer dataType java.lang.Integer[]
2022-02-28 00:25:53.005 [restartedMain] WARN  s.d.s.w.readers.parameter.ParameterDataTypeReader - Trying to infer dataType java.lang.Integer[]
2022-02-28 00:25:53.057 [restartedMain] WARN  s.d.s.w.readers.parameter.ParameterDataTypeReader - Trying to infer dataType java.lang.Integer[]
2022-02-28 00:25:56.114 [registrationTask1] WARN  d.c.b.a.client.registration.ApplicationRegistrator - Failed to register application as Application(name=spring-boot-application, managementUrl=http://LAPTOP-FK4AGT9C.mshome.net:8888/incomeExpense/actuator, healthUrl=http://LAPTOP-FK4AGT9C.mshome.net:8888/incomeExpense/actuator/health, serviceUrl=http://LAPTOP-FK4AGT9C.mshome.net:8888/incomeExpense) at spring-boot-admin ([http://localhost:8888/incomeExpense/instances]): 404 : "{"timestamp":"2022-02-27T16:25:56.053+00:00","status":404,"error":"Not Found","message":"No message available","path":"/incomeExpense/instances"}". Further attempts are logged on DEBUG level
2022-02-28 00:27:43.191 [http-nio-8888-exec-5] WARN  o.s.w.s.m.support.DefaultHandlerExceptionResolver - Resolved [org.springframework.web.HttpMediaTypeNotSupportedException: Content type 'multipart/form-data;boundary=----WebKitFormBoundary7N3Fo9AJ5sJlXrr9;charset=UTF-8' not supported]
2022-02-28 00:27:44.065 [http-nio-8888-exec-6] WARN  o.s.w.s.m.support.DefaultHandlerExceptionResolver - Resolved [org.springframework.web.HttpMediaTypeNotSupportedException: Content type 'multipart/form-data;boundary=----WebKitFormBoundaryKOS1OTeR2xjnRqJb;charset=UTF-8' not supported]
2022-02-28 00:27:44.803 [http-nio-8888-exec-7] WARN  o.s.w.s.m.support.DefaultHandlerExceptionResolver - Resolved [org.springframework.web.HttpMediaTypeNotSupportedException: Content type 'multipart/form-data;boundary=----WebKitFormBoundaryI4lAYTAqJBkBGBov;charset=UTF-8' not supported]
2022-02-28 00:27:47.038 [http-nio-8888-exec-9] WARN  o.s.w.s.m.support.DefaultHandlerExceptionResolver - Resolved [org.springframework.web.HttpMediaTypeNotSupportedException: Content type 'multipart/form-data;boundary=----WebKitFormBoundaryDm3mBnLkt1tI7bKE;charset=UTF-8' not supported]
2022-02-28 00:27:47.175 [http-nio-8888-exec-10] WARN  o.s.w.s.m.support.DefaultHandlerExceptionResolver - Resolved [org.springframework.web.HttpMediaTypeNotSupportedException: Content type 'multipart/form-data;boundary=----WebKitFormBoundarybUzHawKFqIxhoESM;charset=UTF-8' not supported]
2022-02-28 00:27:47.318 [http-nio-8888-exec-1] WARN  o.s.w.s.m.support.DefaultHandlerExceptionResolver - Resolved [org.springframework.web.HttpMediaTypeNotSupportedException: Content type 'multipart/form-data;boundary=----WebKitFormBoundaryr8JITQkaCQtFa84R;charset=UTF-8' not supported]
2022-02-28 00:27:47.796 [http-nio-8888-exec-2] WARN  o.s.w.s.m.support.DefaultHandlerExceptionResolver - Resolved [org.springframework.web.HttpMediaTypeNotSupportedException: Content type 'multipart/form-data;boundary=----WebKitFormBoundaryFUiWV2pKtvU39dyq;charset=UTF-8' not supported]
2022-02-28 00:27:47.996 [http-nio-8888-exec-3] WARN  o.s.w.s.m.support.DefaultHandlerExceptionResolver - Resolved [org.springframework.web.HttpMediaTypeNotSupportedException: Content type 'multipart/form-data;boundary=----WebKitFormBoundaryUjKWTZwAfyj9CQqv;charset=UTF-8' not supported]
2022-02-28 00:27:48.158 [http-nio-8888-exec-4] WARN  o.s.w.s.m.support.DefaultHandlerExceptionResolver - Resolved [org.springframework.web.HttpMediaTypeNotSupportedException: Content type 'multipart/form-data;boundary=----WebKitFormBoundaryXAjCJ8pIS5tU6JHj;charset=UTF-8' not supported]
2022-02-28 00:27:48.288 [http-nio-8888-exec-5] WARN  o.s.w.s.m.support.DefaultHandlerExceptionResolver - Resolved [org.springframework.web.HttpMediaTypeNotSupportedException: Content type 'multipart/form-data;boundary=----WebKitFormBoundaryfouWehdt2ZG8jT1E;charset=UTF-8' not supported]
2022-02-28 00:28:06.535 [http-nio-8888-exec-9] WARN  o.s.w.s.m.support.DefaultHandlerExceptionResolver - Resolved [org.springframework.web.HttpMediaTypeNotSupportedException: Content type 'multipart/form-data;boundary=----WebKitFormBoundarygyWNpJuiFczbYWCY;charset=UTF-8' not supported]
2022-02-28 00:28:07.133 [http-nio-8888-exec-10] WARN  o.s.w.s.m.support.DefaultHandlerExceptionResolver - Resolved [org.springframework.web.HttpMediaTypeNotSupportedException: Content type 'multipart/form-data;boundary=----WebKitFormBoundary4hhWLwKAL3ee2ViJ;charset=UTF-8' not supported]
2022-02-28 00:28:07.337 [http-nio-8888-exec-1] WARN  o.s.w.s.m.support.DefaultHandlerExceptionResolver - Resolved [org.springframework.web.HttpMediaTypeNotSupportedException: Content type 'multipart/form-data;boundary=----WebKitFormBoundaryVgOYZB4fJ8NXX9tX;charset=UTF-8' not supported]
2022-02-28 00:28:19.553 [http-nio-8888-exec-3] WARN  o.s.w.s.m.support.DefaultHandlerExceptionResolver - Resolved [org.springframework.web.HttpMediaTypeNotSupportedException: Content type 'multipart/form-data;boundary=----WebKitFormBoundaryowDF5RqrW22AuuKP;charset=UTF-8' not supported]
2022-02-28 00:28:22.049 [http-nio-8888-exec-4] WARN  o.s.w.s.m.support.DefaultHandlerExceptionResolver - Resolved [org.springframework.web.HttpMediaTypeNotSupportedException: Content type 'multipart/form-data;boundary=----WebKitFormBoundaryPaFEtKErffBJVEyH;charset=UTF-8' not supported]
2022-02-28 00:28:25.003 [http-nio-8888-exec-5] WARN  o.s.w.s.m.support.DefaultHandlerExceptionResolver - Resolved [org.springframework.web.HttpMediaTypeNotSupportedException: Content type 'multipart/form-data;boundary=----WebKitFormBoundary1Hsugr5Sxvzd0JJW;charset=UTF-8' not supported]
2022-02-28 00:29:15.522 [http-nio-8888-exec-6] WARN  o.s.w.s.m.support.DefaultHandlerExceptionResolver - Resolved [org.springframework.web.HttpMediaTypeNotSupportedException: Content type 'multipart/form-data;boundary=----WebKitFormBoundaryltuNgTx0AadiT1dk;charset=UTF-8' not supported]
2022-02-28 00:29:16.316 [http-nio-8888-exec-8] WARN  o.s.w.s.m.support.DefaultHandlerExceptionResolver - Resolved [org.springframework.web.HttpMediaTypeNotSupportedException: Content type 'multipart/form-data;boundary=----WebKitFormBoundaryn4GF1Bd4mTd95gCA;charset=UTF-8' not supported]
2022-02-28 00:29:16.483 [http-nio-8888-exec-9] WARN  o.s.w.s.m.support.DefaultHandlerExceptionResolver - Resolved [org.springframework.web.HttpMediaTypeNotSupportedException: Content type 'multipart/form-data;boundary=----WebKitFormBoundarypsfNeZ17sxHuJbX5;charset=UTF-8' not supported]
2022-02-28 00:29:20.286 [http-nio-8888-exec-10] WARN  o.s.w.s.m.support.DefaultHandlerExceptionResolver - Resolved [org.springframework.web.HttpMediaTypeNotSupportedException: Content type 'multipart/form-data;boundary=----WebKitFormBoundaryaAZ9HwIu7EJhkn2R;charset=UTF-8' not supported]
2022-02-28 00:32:06.193 [restartedMain] WARN  s.d.s.w.readers.parameter.ParameterDataTypeReader - Trying to infer dataType java.lang.Integer[]
2022-02-28 00:32:06.225 [restartedMain] WARN  s.d.s.w.readers.parameter.ParameterDataTypeReader - Trying to infer dataType java.lang.Integer[]
2022-02-28 00:32:06.286 [restartedMain] WARN  s.d.s.w.readers.parameter.ParameterDataTypeReader - Trying to infer dataType java.lang.Integer[]
2022-02-28 00:32:06.425 [restartedMain] WARN  s.d.s.w.readers.parameter.ParameterDataTypeReader - Trying to infer dataType java.lang.Integer[]
2022-02-28 00:32:06.549 [restartedMain] WARN  s.d.s.w.readers.parameter.ParameterDataTypeReader - Trying to infer dataType java.lang.Integer[]
2022-02-28 00:32:06.560 [restartedMain] WARN  s.d.s.w.readers.parameter.ParameterDataTypeReader - Trying to infer dataType java.lang.Integer[]
2022-02-28 00:32:06.563 [restartedMain] WARN  s.d.s.w.readers.parameter.ParameterDataTypeReader - Trying to infer dataType java.lang.Integer[]
2022-02-28 00:32:06.566 [restartedMain] WARN  s.d.s.w.readers.parameter.ParameterDataTypeReader - Trying to infer dataType java.lang.Integer[]
2022-02-28 00:32:06.570 [restartedMain] WARN  s.d.s.w.readers.parameter.ParameterDataTypeReader - Trying to infer dataType java.lang.Integer[]
2022-02-28 00:32:06.626 [restartedMain] WARN  s.d.s.w.readers.parameter.ParameterDataTypeReader - Trying to infer dataType java.lang.Integer[]
2022-02-28 00:32:09.833 [registrationTask1] WARN  d.c.b.a.client.registration.ApplicationRegistrator - Failed to register application as Application(name=spring-boot-application, managementUrl=http://LAPTOP-FK4AGT9C.mshome.net:8888/incomeExpense/actuator, healthUrl=http://LAPTOP-FK4AGT9C.mshome.net:8888/incomeExpense/actuator/health, serviceUrl=http://LAPTOP-FK4AGT9C.mshome.net:8888/incomeExpense) at spring-boot-admin ([http://localhost:8888/incomeExpense/instances]): 404 : "{"timestamp":"2022-02-27T16:32:09.789+00:00","status":404,"error":"Not Found","message":"No message available","path":"/incomeExpense/instances"}". Further attempts are logged on DEBUG level
2022-02-28 00:36:17.500 [restartedMain] WARN  s.d.s.w.readers.parameter.ParameterDataTypeReader - Trying to infer dataType java.lang.Integer[]
2022-02-28 00:36:17.531 [restartedMain] WARN  s.d.s.w.readers.parameter.ParameterDataTypeReader - Trying to infer dataType java.lang.Integer[]
2022-02-28 00:36:17.593 [restartedMain] WARN  s.d.s.w.readers.parameter.ParameterDataTypeReader - Trying to infer dataType java.lang.Integer[]
2022-02-28 00:36:17.698 [restartedMain] WARN  s.d.s.w.readers.parameter.ParameterDataTypeReader - Trying to infer dataType java.lang.Integer[]
2022-02-28 00:36:17.824 [restartedMain] WARN  s.d.s.w.readers.parameter.ParameterDataTypeReader - Trying to infer dataType java.lang.Integer[]
2022-02-28 00:36:17.840 [restartedMain] WARN  s.d.s.w.readers.parameter.ParameterDataTypeReader - Trying to infer dataType java.lang.Integer[]
2022-02-28 00:36:17.844 [restartedMain] WARN  s.d.s.w.readers.parameter.ParameterDataTypeReader - Trying to infer dataType java.lang.Integer[]
2022-02-28 00:36:17.847 [restartedMain] WARN  s.d.s.w.readers.parameter.ParameterDataTypeReader - Trying to infer dataType java.lang.Integer[]
2022-02-28 00:36:17.851 [restartedMain] WARN  s.d.s.w.readers.parameter.ParameterDataTypeReader - Trying to infer dataType java.lang.Integer[]
2022-02-28 00:36:17.910 [restartedMain] WARN  s.d.s.w.readers.parameter.ParameterDataTypeReader - Trying to infer dataType java.lang.Integer[]
2022-02-28 00:36:21.147 [registrationTask1] WARN  d.c.b.a.client.registration.ApplicationRegistrator - Failed to register application as Application(name=spring-boot-application, managementUrl=http://LAPTOP-FK4AGT9C.mshome.net:8888/incomeExpense/actuator, healthUrl=http://LAPTOP-FK4AGT9C.mshome.net:8888/incomeExpense/actuator/health, serviceUrl=http://LAPTOP-FK4AGT9C.mshome.net:8888/incomeExpense) at spring-boot-admin ([http://localhost:8888/incomeExpense/instances]): 404 : "{"timestamp":"2022-02-27T16:36:21.086+00:00","status":404,"error":"Not Found","message":"No message available","path":"/incomeExpense/instances"}". Further attempts are logged on DEBUG level
2022-02-28 01:22:59.879 [restartedMain] WARN  s.d.s.w.readers.parameter.ParameterDataTypeReader - Trying to infer dataType java.lang.Integer[]
2022-02-28 01:22:59.905 [restartedMain] WARN  s.d.s.w.readers.parameter.ParameterDataTypeReader - Trying to infer dataType java.lang.Integer[]
2022-02-28 01:22:59.952 [restartedMain] WARN  s.d.s.w.readers.parameter.ParameterDataTypeReader - Trying to infer dataType java.lang.Integer[]
2022-02-28 01:23:00.085 [restartedMain] WARN  s.d.s.w.readers.parameter.ParameterDataTypeReader - Trying to infer dataType java.lang.Integer[]
2022-02-28 01:23:00.194 [restartedMain] WARN  s.d.s.w.readers.parameter.ParameterDataTypeReader - Trying to infer dataType java.lang.Integer[]
2022-02-28 01:23:00.205 [restartedMain] WARN  s.d.s.w.readers.parameter.ParameterDataTypeReader - Trying to infer dataType java.lang.Integer[]
2022-02-28 01:23:00.208 [restartedMain] WARN  s.d.s.w.readers.parameter.ParameterDataTypeReader - Trying to infer dataType java.lang.Integer[]
2022-02-28 01:23:00.210 [restartedMain] WARN  s.d.s.w.readers.parameter.ParameterDataTypeReader - Trying to infer dataType java.lang.Integer[]
2022-02-28 01:23:00.215 [restartedMain] WARN  s.d.s.w.readers.parameter.ParameterDataTypeReader - Trying to infer dataType java.lang.Integer[]
2022-02-28 01:23:00.263 [restartedMain] WARN  s.d.s.w.readers.parameter.ParameterDataTypeReader - Trying to infer dataType java.lang.Integer[]
2022-02-28 01:23:04.479 [registrationTask1] WARN  d.c.b.a.client.registration.ApplicationRegistrator - Failed to register application as Application(name=spring-boot-application, managementUrl=http://LAPTOP-FK4AGT9C.mshome.net:8888/incomeExpense/actuator, healthUrl=http://LAPTOP-FK4AGT9C.mshome.net:8888/incomeExpense/actuator/health, serviceUrl=http://LAPTOP-FK4AGT9C.mshome.net:8888/incomeExpense) at spring-boot-admin ([http://localhost:8888/incomeExpense/instances]): 404 : "{"timestamp":"2022-02-27T17:23:04.415+00:00","status":404,"error":"Not Found","message":"No message available","path":"/incomeExpense/instances"}". Further attempts are logged on DEBUG level
2022-02-28 01:26:50.477 [restartedMain] WARN  s.d.s.w.readers.parameter.ParameterDataTypeReader - Trying to infer dataType java.lang.Integer[]
2022-02-28 01:26:50.504 [restartedMain] WARN  s.d.s.w.readers.parameter.ParameterDataTypeReader - Trying to infer dataType java.lang.Integer[]
2022-02-28 01:26:50.545 [restartedMain] WARN  s.d.s.w.readers.parameter.ParameterDataTypeReader - Trying to infer dataType java.lang.Integer[]
2022-02-28 01:26:50.629 [restartedMain] WARN  s.d.s.w.readers.parameter.ParameterDataTypeReader - Trying to infer dataType java.lang.Integer[]
2022-02-28 01:26:50.738 [restartedMain] WARN  s.d.s.w.readers.parameter.ParameterDataTypeReader - Trying to infer dataType java.lang.Integer[]
2022-02-28 01:26:50.746 [restartedMain] WARN  s.d.s.w.readers.parameter.ParameterDataTypeReader - Trying to infer dataType java.lang.Integer[]
2022-02-28 01:26:50.748 [restartedMain] WARN  s.d.s.w.readers.parameter.ParameterDataTypeReader - Trying to infer dataType java.lang.Integer[]
2022-02-28 01:26:50.750 [restartedMain] WARN  s.d.s.w.readers.parameter.ParameterDataTypeReader - Trying to infer dataType java.lang.Integer[]
2022-02-28 01:26:50.754 [restartedMain] WARN  s.d.s.w.readers.parameter.ParameterDataTypeReader - Trying to infer dataType java.lang.Integer[]
2022-02-28 01:26:50.793 [restartedMain] WARN  s.d.s.w.readers.parameter.ParameterDataTypeReader - Trying to infer dataType java.lang.Integer[]
2022-02-28 01:26:53.941 [registrationTask1] WARN  d.c.b.a.client.registration.ApplicationRegistrator - Failed to register application as Application(name=spring-boot-application, managementUrl=http://LAPTOP-FK4AGT9C.mshome.net:8888/incomeExpense/actuator, healthUrl=http://LAPTOP-FK4AGT9C.mshome.net:8888/incomeExpense/actuator/health, serviceUrl=http://LAPTOP-FK4AGT9C.mshome.net:8888/incomeExpense) at spring-boot-admin ([http://localhost:8888/incomeExpense/instances]): 404 : "{"timestamp":"2022-02-27T17:26:53.880+00:00","status":404,"error":"Not Found","message":"No message available","path":"/incomeExpense/instances"}". Further attempts are logged on DEBUG level
2022-02-28 01:29:05.171 [http-nio-8888-exec-9] WARN  o.s.w.s.m.support.DefaultHandlerExceptionResolver - Resolved [org.springframework.web.HttpMediaTypeNotSupportedException: Content type 'application/x-www-form-urlencoded;charset=UTF-8' not supported]
2022-02-28 01:29:07.345 [http-nio-8888-exec-10] WARN  o.s.w.s.m.support.DefaultHandlerExceptionResolver - Resolved [org.springframework.web.HttpMediaTypeNotSupportedException: Content type 'application/x-www-form-urlencoded;charset=UTF-8' not supported]
2022-02-28 01:31:24.879 [http-nio-8888-exec-9] WARN  o.s.w.s.m.support.DefaultHandlerExceptionResolver - Resolved [org.springframework.web.HttpMediaTypeNotSupportedException: Content type 'multipart/form-data;boundary=----WebKitFormBoundaryBe3uAKD4t59vLlPJ;charset=UTF-8' not supported]
2022-02-28 01:31:26.412 [http-nio-8888-exec-10] WARN  o.s.w.s.m.support.DefaultHandlerExceptionResolver - Resolved [org.springframework.web.HttpMediaTypeNotSupportedException: Content type 'multipart/form-data;boundary=----WebKitFormBoundary37t96dzZNTt58dbc;charset=UTF-8' not supported]
2022-02-28 01:32:10.438 [restartedMain] WARN  s.d.s.w.readers.parameter.ParameterDataTypeReader - Trying to infer dataType java.lang.Integer[]
2022-02-28 01:32:10.460 [restartedMain] WARN  s.d.s.w.readers.parameter.ParameterDataTypeReader - Trying to infer dataType java.lang.Integer[]
2022-02-28 01:32:10.532 [restartedMain] WARN  s.d.s.w.readers.parameter.ParameterDataTypeReader - Trying to infer dataType java.lang.Integer[]
2022-02-28 01:32:10.650 [restartedMain] WARN  s.d.s.w.readers.parameter.ParameterDataTypeReader - Trying to infer dataType java.lang.Integer[]
2022-02-28 01:32:10.753 [restartedMain] WARN  s.d.s.w.readers.parameter.ParameterDataTypeReader - Trying to infer dataType java.lang.Integer[]
2022-02-28 01:32:10.758 [restartedMain] WARN  s.d.s.w.readers.parameter.ParameterDataTypeReader - Trying to infer dataType java.lang.Integer[]
2022-02-28 01:32:10.761 [restartedMain] WARN  s.d.s.w.readers.parameter.ParameterDataTypeReader - Trying to infer dataType java.lang.Integer[]
2022-02-28 01:32:10.763 [restartedMain] WARN  s.d.s.w.readers.parameter.ParameterDataTypeReader - Trying to infer dataType java.lang.Integer[]
2022-02-28 01:32:10.765 [restartedMain] WARN  s.d.s.w.readers.parameter.ParameterDataTypeReader - Trying to infer dataType java.lang.Integer[]
2022-02-28 01:32:10.801 [restartedMain] WARN  s.d.s.w.readers.parameter.ParameterDataTypeReader - Trying to infer dataType java.lang.Integer[]
2022-02-28 01:32:14.507 [registrationTask1] WARN  d.c.b.a.client.registration.ApplicationRegistrator - Failed to register application as Application(name=spring-boot-application, managementUrl=http://LAPTOP-FK4AGT9C.mshome.net:8888/incomeExpense/actuator, healthUrl=http://LAPTOP-FK4AGT9C.mshome.net:8888/incomeExpense/actuator/health, serviceUrl=http://LAPTOP-FK4AGT9C.mshome.net:8888/incomeExpense) at spring-boot-admin ([http://localhost:8888/incomeExpense/instances]): 404 : "{"timestamp":"2022-02-27T17:32:14.413+00:00","status":404,"error":"Not Found","message":"No message available","path":"/incomeExpense/instances"}". Further attempts are logged on DEBUG level
2022-02-28 01:36:29.919 [restartedMain] WARN  s.d.s.w.readers.parameter.ParameterDataTypeReader - Trying to infer dataType java.lang.Integer[]
2022-02-28 01:36:29.940 [restartedMain] WARN  s.d.s.w.readers.parameter.ParameterDataTypeReader - Trying to infer dataType java.lang.Integer[]
2022-02-28 01:36:29.973 [restartedMain] WARN  s.d.s.w.readers.parameter.ParameterDataTypeReader - Trying to infer dataType java.lang.Integer[]
2022-02-28 01:36:30.041 [restartedMain] WARN  s.d.s.w.readers.parameter.ParameterDataTypeReader - Trying to infer dataType java.lang.Integer[]
2022-02-28 01:36:30.123 [restartedMain] WARN  s.d.s.w.readers.parameter.ParameterDataTypeReader - Trying to infer dataType java.lang.Integer[]
2022-02-28 01:36:30.132 [restartedMain] WARN  s.d.s.w.readers.parameter.ParameterDataTypeReader - Trying to infer dataType java.lang.Integer[]
2022-02-28 01:36:30.134 [restartedMain] WARN  s.d.s.w.readers.parameter.ParameterDataTypeReader - Trying to infer dataType java.lang.Integer[]
2022-02-28 01:36:30.137 [restartedMain] WARN  s.d.s.w.readers.parameter.ParameterDataTypeReader - Trying to infer dataType java.lang.Integer[]
2022-02-28 01:36:30.138 [restartedMain] WARN  s.d.s.w.readers.parameter.ParameterDataTypeReader - Trying to infer dataType java.lang.Integer[]
2022-02-28 01:36:30.177 [restartedMain] WARN  s.d.s.w.readers.parameter.ParameterDataTypeReader - Trying to infer dataType java.lang.Integer[]
2022-02-28 01:36:32.851 [registrationTask1] WARN  d.c.b.a.client.registration.ApplicationRegistrator - Failed to register application as Application(name=spring-boot-application, managementUrl=http://LAPTOP-FK4AGT9C.mshome.net:8888/incomeExpense/actuator, healthUrl=http://LAPTOP-FK4AGT9C.mshome.net:8888/incomeExpense/actuator/health, serviceUrl=http://LAPTOP-FK4AGT9C.mshome.net:8888/incomeExpense) at spring-boot-admin ([http://localhost:8888/incomeExpense/instances]): 404 : "{"timestamp":"2022-02-27T17:36:32.804+00:00","status":404,"error":"Not Found","message":"No message available","path":"/incomeExpense/instances"}". Further attempts are logged on DEBUG level
2022-02-28 02:02:04.015 [restartedMain] WARN  s.d.s.w.readers.parameter.ParameterDataTypeReader - Trying to infer dataType java.lang.Integer[]
2022-02-28 02:02:04.042 [restartedMain] WARN  s.d.s.w.readers.parameter.ParameterDataTypeReader - Trying to infer dataType java.lang.Integer[]
2022-02-28 02:02:04.086 [restartedMain] WARN  s.d.s.w.readers.parameter.ParameterDataTypeReader - Trying to infer dataType java.lang.Integer[]
2022-02-28 02:02:04.194 [restartedMain] WARN  s.d.s.w.readers.parameter.ParameterDataTypeReader - Trying to infer dataType java.lang.Integer[]
2022-02-28 02:02:04.310 [restartedMain] WARN  s.d.s.w.readers.parameter.ParameterDataTypeReader - Trying to infer dataType java.lang.Integer[]
2022-02-28 02:02:04.324 [restartedMain] WARN  s.d.s.w.readers.parameter.ParameterDataTypeReader - Trying to infer dataType java.lang.Integer[]
2022-02-28 02:02:04.327 [restartedMain] WARN  s.d.s.w.readers.parameter.ParameterDataTypeReader - Trying to infer dataType java.lang.Integer[]
2022-02-28 02:02:04.330 [restartedMain] WARN  s.d.s.w.readers.parameter.ParameterDataTypeReader - Trying to infer dataType java.lang.Integer[]
2022-02-28 02:02:04.333 [restartedMain] WARN  s.d.s.w.readers.parameter.ParameterDataTypeReader - Trying to infer dataType java.lang.Integer[]
2022-02-28 02:02:04.372 [restartedMain] WARN  s.d.s.w.readers.parameter.ParameterDataTypeReader - Trying to infer dataType java.lang.Integer[]
2022-02-28 02:02:08.307 [registrationTask1] WARN  d.c.b.a.client.registration.ApplicationRegistrator - Failed to register application as Application(name=spring-boot-application, managementUrl=http://LAPTOP-FK4AGT9C.mshome.net:8888/incomeExpense/actuator, healthUrl=http://LAPTOP-FK4AGT9C.mshome.net:8888/incomeExpense/actuator/health, serviceUrl=http://LAPTOP-FK4AGT9C.mshome.net:8888/incomeExpense) at spring-boot-admin ([http://localhost:8888/incomeExpense/instances]): 404 : "{"timestamp":"2022-02-27T18:02:08.220+00:00","status":404,"error":"Not Found","message":"No message available","path":"/incomeExpense/instances"}". Further attempts are logged on DEBUG level
2022-02-28 02:14:03.291 [restartedMain] WARN  s.d.s.w.readers.parameter.ParameterDataTypeReader - Trying to infer dataType java.lang.Integer[]
2022-02-28 02:14:03.315 [restartedMain] WARN  s.d.s.w.readers.parameter.ParameterDataTypeReader - Trying to infer dataType java.lang.Integer[]
2022-02-28 02:14:03.356 [restartedMain] WARN  s.d.s.w.readers.parameter.ParameterDataTypeReader - Trying to infer dataType java.lang.Integer[]
2022-02-28 02:14:03.451 [restartedMain] WARN  s.d.s.w.readers.parameter.ParameterDataTypeReader - Trying to infer dataType java.lang.Integer[]
2022-02-28 02:14:03.555 [restartedMain] WARN  s.d.s.w.readers.parameter.ParameterDataTypeReader - Trying to infer dataType java.lang.Integer[]
2022-02-28 02:14:03.564 [restartedMain] WARN  s.d.s.w.readers.parameter.ParameterDataTypeReader - Trying to infer dataType java.lang.Integer[]
2022-02-28 02:14:03.567 [restartedMain] WARN  s.d.s.w.readers.parameter.ParameterDataTypeReader - Trying to infer dataType java.lang.Integer[]
2022-02-28 02:14:03.569 [restartedMain] WARN  s.d.s.w.readers.parameter.ParameterDataTypeReader - Trying to infer dataType java.lang.Integer[]
2022-02-28 02:14:03.573 [restartedMain] WARN  s.d.s.w.readers.parameter.ParameterDataTypeReader - Trying to infer dataType java.lang.Integer[]
2022-02-28 02:14:03.620 [restartedMain] WARN  s.d.s.w.readers.parameter.ParameterDataTypeReader - Trying to infer dataType java.lang.Integer[]
2022-02-28 02:14:06.726 [registrationTask1] WARN  d.c.b.a.client.registration.ApplicationRegistrator - Failed to register application as Application(name=spring-boot-application, managementUrl=http://LAPTOP-FK4AGT9C.mshome.net:8888/incomeExpense/actuator, healthUrl=http://LAPTOP-FK4AGT9C.mshome.net:8888/incomeExpense/actuator/health, serviceUrl=http://LAPTOP-FK4AGT9C.mshome.net:8888/incomeExpense) at spring-boot-admin ([http://localhost:8888/incomeExpense/instances]): 404 : "{"timestamp":"2022-02-27T18:14:06.683+00:00","status":404,"error":"Not Found","message":"No message available","path":"/incomeExpense/instances"}". Further attempts are logged on DEBUG level
2022-02-28 02:15:34.883 [restartedMain] WARN  s.d.s.w.readers.parameter.ParameterDataTypeReader - Trying to infer dataType java.lang.Integer[]
2022-02-28 02:15:34.915 [restartedMain] WARN  s.d.s.w.readers.parameter.ParameterDataTypeReader - Trying to infer dataType java.lang.Integer[]
2022-02-28 02:15:34.966 [restartedMain] WARN  s.d.s.w.readers.parameter.ParameterDataTypeReader - Trying to infer dataType java.lang.Integer[]
2022-02-28 02:15:35.063 [restartedMain] WARN  s.d.s.w.readers.parameter.ParameterDataTypeReader - Trying to infer dataType java.lang.Integer[]
2022-02-28 02:15:35.182 [restartedMain] WARN  s.d.s.w.readers.parameter.ParameterDataTypeReader - Trying to infer dataType java.lang.Integer[]
2022-02-28 02:15:35.193 [restartedMain] WARN  s.d.s.w.readers.parameter.ParameterDataTypeReader - Trying to infer dataType java.lang.Integer[]
2022-02-28 02:15:35.195 [restartedMain] WARN  s.d.s.w.readers.parameter.ParameterDataTypeReader - Trying to infer dataType java.lang.Integer[]
2022-02-28 02:15:35.198 [restartedMain] WARN  s.d.s.w.readers.parameter.ParameterDataTypeReader - Trying to infer dataType java.lang.Integer[]
2022-02-28 02:15:35.202 [restartedMain] WARN  s.d.s.w.readers.parameter.ParameterDataTypeReader - Trying to infer dataType java.lang.Integer[]
2022-02-28 02:15:35.251 [restartedMain] WARN  s.d.s.w.readers.parameter.ParameterDataTypeReader - Trying to infer dataType java.lang.Integer[]
2022-02-28 02:15:38.526 [registrationTask1] WARN  d.c.b.a.client.registration.ApplicationRegistrator - Failed to register application as Application(name=spring-boot-application, managementUrl=http://LAPTOP-FK4AGT9C.mshome.net:8888/incomeExpense/actuator, healthUrl=http://LAPTOP-FK4AGT9C.mshome.net:8888/incomeExpense/actuator/health, serviceUrl=http://LAPTOP-FK4AGT9C.mshome.net:8888/incomeExpense) at spring-boot-admin ([http://localhost:8888/incomeExpense/instances]): 404 : "{"timestamp":"2022-02-27T18:15:38.467+00:00","status":404,"error":"Not Found","message":"No message available","path":"/incomeExpense/instances"}". Further attempts are logged on DEBUG level
2022-02-28 02:17:27.861 [http-nio-8888-exec-3] WARN  o.s.w.s.m.m.a.ExceptionHandlerExceptionResolver - Resolved [org.springframework.http.converter.HttpMessageNotReadableException: Required request body is missing: public com.mzl.incomeexpensemanagesystem.response.RetResult com.mzl.incomeexpensemanagesystem.controller.common.UserController.userLogin(com.mzl.incomeexpensemanagesystem.vo.UserVo)]
2022-02-28 02:17:31.168 [http-nio-8888-exec-5] WARN  o.s.w.s.m.m.a.ExceptionHandlerExceptionResolver - Resolved [org.springframework.http.converter.HttpMessageNotReadableException: Required request body is missing: public com.mzl.incomeexpensemanagesystem.response.RetResult com.mzl.incomeexpensemanagesystem.controller.common.UserController.userLogin(com.mzl.incomeexpensemanagesystem.vo.UserVo)]
2022-02-28 02:17:31.432 [http-nio-8888-exec-6] WARN  o.s.w.s.m.m.a.ExceptionHandlerExceptionResolver - Resolved [org.springframework.http.converter.HttpMessageNotReadableException: Required request body is missing: public com.mzl.incomeexpensemanagesystem.response.RetResult com.mzl.incomeexpensemanagesystem.controller.common.UserController.userLogin(com.mzl.incomeexpensemanagesystem.vo.UserVo)]
2022-02-28 02:17:44.314 [http-nio-8888-exec-8] WARN  o.s.w.s.m.m.a.ExceptionHandlerExceptionResolver - Resolved [org.springframework.http.converter.HttpMessageNotReadableException: Required request body is missing: public com.mzl.incomeexpensemanagesystem.response.RetResult com.mzl.incomeexpensemanagesystem.controller.common.UserController.userLogin(com.mzl.incomeexpensemanagesystem.vo.UserVo)]
2022-02-28 02:17:46.152 [http-nio-8888-exec-9] WARN  o.s.w.s.m.m.a.ExceptionHandlerExceptionResolver - Resolved [org.springframework.http.converter.HttpMessageNotReadableException: Required request body is missing: public com.mzl.incomeexpensemanagesystem.response.RetResult com.mzl.incomeexpensemanagesystem.controller.common.UserController.userLogin(com.mzl.incomeexpensemanagesystem.vo.UserVo)]
2022-02-28 02:17:47.385 [http-nio-8888-exec-10] WARN  o.s.w.s.m.m.a.ExceptionHandlerExceptionResolver - Resolved [org.springframework.http.converter.HttpMessageNotReadableException: Required request body is missing: public com.mzl.incomeexpensemanagesystem.response.RetResult com.mzl.incomeexpensemanagesystem.controller.common.UserController.userLogin(com.mzl.incomeexpensemanagesystem.vo.UserVo)]
2022-02-28 02:17:54.142 [http-nio-8888-exec-2] WARN  o.s.w.s.m.m.a.ExceptionHandlerExceptionResolver - Resolved [org.springframework.http.converter.HttpMessageNotReadableException: Required request body is missing: public com.mzl.incomeexpensemanagesystem.response.RetResult com.mzl.incomeexpensemanagesystem.controller.common.UserController.userLogin(com.mzl.incomeexpensemanagesystem.vo.UserVo)]
2022-02-28 02:18:12.208 [http-nio-8888-exec-5] WARN  o.s.w.s.m.m.a.ExceptionHandlerExceptionResolver - Resolved [org.springframework.http.converter.HttpMessageNotReadableException: Required request body is missing: public com.mzl.incomeexpensemanagesystem.response.RetResult com.mzl.incomeexpensemanagesystem.controller.common.UserController.userLogin(com.mzl.incomeexpensemanagesystem.vo.UserVo)]
2022-02-28 02:18:14.112 [http-nio-8888-exec-6] WARN  o.s.w.s.m.m.a.ExceptionHandlerExceptionResolver - Resolved [org.springframework.http.converter.HttpMessageNotReadableException: Required request body is missing: public com.mzl.incomeexpensemanagesystem.response.RetResult com.mzl.incomeexpensemanagesystem.controller.common.UserController.userLogin(com.mzl.incomeexpensemanagesystem.vo.UserVo)]
2022-02-28 02:18:14.220 [http-nio-8888-exec-7] WARN  o.s.w.s.m.m.a.ExceptionHandlerExceptionResolver - Resolved [org.springframework.http.converter.HttpMessageNotReadableException: Required request body is missing: public com.mzl.incomeexpensemanagesystem.response.RetResult com.mzl.incomeexpensemanagesystem.controller.common.UserController.userLogin(com.mzl.incomeexpensemanagesystem.vo.UserVo)]
2022-02-28 02:18:14.500 [http-nio-8888-exec-8] WARN  o.s.w.s.m.m.a.ExceptionHandlerExceptionResolver - Resolved [org.springframework.http.converter.HttpMessageNotReadableException: Required request body is missing: public com.mzl.incomeexpensemanagesystem.response.RetResult com.mzl.incomeexpensemanagesystem.controller.common.UserController.userLogin(com.mzl.incomeexpensemanagesystem.vo.UserVo)]
2022-02-28 02:18:16.136 [http-nio-8888-exec-9] WARN  o.s.w.s.m.m.a.ExceptionHandlerExceptionResolver - Resolved [org.springframework.http.converter.HttpMessageNotReadableException: Required request body is missing: public com.mzl.incomeexpensemanagesystem.response.RetResult com.mzl.incomeexpensemanagesystem.controller.common.UserController.userLogin(com.mzl.incomeexpensemanagesystem.vo.UserVo)]
2022-02-28 02:26:04.124 [restartedMain] WARN  s.d.s.w.readers.parameter.ParameterDataTypeReader - Trying to infer dataType java.lang.Integer[]
2022-02-28 02:26:04.183 [restartedMain] WARN  s.d.s.w.readers.parameter.ParameterDataTypeReader - Trying to infer dataType java.lang.Integer[]
2022-02-28 02:26:04.244 [restartedMain] WARN  s.d.s.w.readers.parameter.ParameterDataTypeReader - Trying to infer dataType java.lang.Integer[]
2022-02-28 02:26:04.366 [restartedMain] WARN  s.d.s.w.readers.parameter.ParameterDataTypeReader - Trying to infer dataType java.lang.Integer[]
2022-02-28 02:26:04.497 [restartedMain] WARN  s.d.s.w.readers.parameter.ParameterDataTypeReader - Trying to infer dataType java.lang.Integer[]
2022-02-28 02:26:04.507 [restartedMain] WARN  s.d.s.w.readers.parameter.ParameterDataTypeReader - Trying to infer dataType java.lang.Integer[]
2022-02-28 02:26:04.510 [restartedMain] WARN  s.d.s.w.readers.parameter.ParameterDataTypeReader - Trying to infer dataType java.lang.Integer[]
2022-02-28 02:26:04.515 [restartedMain] WARN  s.d.s.w.readers.parameter.ParameterDataTypeReader - Trying to infer dataType java.lang.Integer[]
2022-02-28 02:26:04.518 [restartedMain] WARN  s.d.s.w.readers.parameter.ParameterDataTypeReader - Trying to infer dataType java.lang.Integer[]
2022-02-28 02:26:04.565 [restartedMain] WARN  s.d.s.w.readers.parameter.ParameterDataTypeReader - Trying to infer dataType java.lang.Integer[]
2022-02-28 02:26:08.003 [registrationTask1] WARN  d.c.b.a.client.registration.ApplicationRegistrator - Failed to register application as Application(name=spring-boot-application, managementUrl=http://LAPTOP-FK4AGT9C.mshome.net:8888/incomeExpense/actuator, healthUrl=http://LAPTOP-FK4AGT9C.mshome.net:8888/incomeExpense/actuator/health, serviceUrl=http://LAPTOP-FK4AGT9C.mshome.net:8888/incomeExpense) at spring-boot-admin ([http://localhost:8888/incomeExpense/instances]): 404 : "{"timestamp":"2022-02-27T18:26:07.943+00:00","status":404,"error":"Not Found","message":"No message available","path":"/incomeExpense/instances"}". Further attempts are logged on DEBUG level
2022-02-28 02:45:30.455 [restartedMain] WARN  s.d.s.w.readers.parameter.ParameterDataTypeReader - Trying to infer dataType java.lang.Integer[]
2022-02-28 02:45:30.480 [restartedMain] WARN  s.d.s.w.readers.parameter.ParameterDataTypeReader - Trying to infer dataType java.lang.Integer[]
2022-02-28 02:45:30.517 [restartedMain] WARN  s.d.s.w.readers.parameter.ParameterDataTypeReader - Trying to infer dataType java.lang.Integer[]
2022-02-28 02:45:30.632 [restartedMain] WARN  s.d.s.w.readers.parameter.ParameterDataTypeReader - Trying to infer dataType java.lang.Integer[]
2022-02-28 02:45:30.740 [restartedMain] WARN  s.d.s.w.readers.parameter.ParameterDataTypeReader - Trying to infer dataType java.lang.Integer[]
2022-02-28 02:45:30.747 [restartedMain] WARN  s.d.s.w.readers.parameter.ParameterDataTypeReader - Trying to infer dataType java.lang.Integer[]
2022-02-28 02:45:30.749 [restartedMain] WARN  s.d.s.w.readers.parameter.ParameterDataTypeReader - Trying to infer dataType java.lang.Integer[]
2022-02-28 02:45:30.751 [restartedMain] WARN  s.d.s.w.readers.parameter.ParameterDataTypeReader - Trying to infer dataType java.lang.Integer[]
2022-02-28 02:45:30.755 [restartedMain] WARN  s.d.s.w.readers.parameter.ParameterDataTypeReader - Trying to infer dataType java.lang.Integer[]
2022-02-28 02:45:30.791 [restartedMain] WARN  s.d.s.w.readers.parameter.ParameterDataTypeReader - Trying to infer dataType java.lang.Integer[]
2022-02-28 02:45:33.721 [registrationTask1] WARN  d.c.b.a.client.registration.ApplicationRegistrator - Failed to register application as Application(name=spring-boot-application, managementUrl=http://LAPTOP-FK4AGT9C.mshome.net:8888/incomeExpense/actuator, healthUrl=http://LAPTOP-FK4AGT9C.mshome.net:8888/incomeExpense/actuator/health, serviceUrl=http://LAPTOP-FK4AGT9C.mshome.net:8888/incomeExpense) at spring-boot-admin ([http://localhost:8888/incomeExpense/instances]): 404 : "{"timestamp":"2022-02-27T18:45:33.665+00:00","status":404,"error":"Not Found","message":"No message available","path":"/incomeExpense/instances"}". Further attempts are logged on DEBUG level
2022-02-28 03:07:30.489 [restartedMain] WARN  s.d.s.w.readers.parameter.ParameterDataTypeReader - Trying to infer dataType java.lang.Integer[]
2022-02-28 03:07:30.517 [restartedMain] WARN  s.d.s.w.readers.parameter.ParameterDataTypeReader - Trying to infer dataType java.lang.Integer[]
2022-02-28 03:07:30.573 [restartedMain] WARN  s.d.s.w.readers.parameter.ParameterDataTypeReader - Trying to infer dataType java.lang.Integer[]
2022-02-28 03:07:30.682 [restartedMain] WARN  s.d.s.w.readers.parameter.ParameterDataTypeReader - Trying to infer dataType java.lang.Integer[]
2022-02-28 03:07:30.808 [restartedMain] WARN  s.d.s.w.readers.parameter.ParameterDataTypeReader - Trying to infer dataType java.lang.Integer[]
2022-02-28 03:07:30.820 [restartedMain] WARN  s.d.s.w.readers.parameter.ParameterDataTypeReader - Trying to infer dataType java.lang.Integer[]
2022-02-28 03:07:30.823 [restartedMain] WARN  s.d.s.w.readers.parameter.ParameterDataTypeReader - Trying to infer dataType java.lang.Integer[]
2022-02-28 03:07:30.826 [restartedMain] WARN  s.d.s.w.readers.parameter.ParameterDataTypeReader - Trying to infer dataType java.lang.Integer[]
2022-02-28 03:07:30.829 [restartedMain] WARN  s.d.s.w.readers.parameter.ParameterDataTypeReader - Trying to infer dataType java.lang.Integer[]
2022-02-28 03:07:30.877 [restartedMain] WARN  s.d.s.w.readers.parameter.ParameterDataTypeReader - Trying to infer dataType java.lang.Integer[]
2022-02-28 03:07:34.662 [registrationTask1] WARN  d.c.b.a.client.registration.ApplicationRegistrator - Failed to register application as Application(name=spring-boot-application, managementUrl=http://LAPTOP-FK4AGT9C.mshome.net:8888/incomeExpense/actuator, healthUrl=http://LAPTOP-FK4AGT9C.mshome.net:8888/incomeExpense/actuator/health, serviceUrl=http://LAPTOP-FK4AGT9C.mshome.net:8888/incomeExpense) at spring-boot-admin ([http://localhost:8888/incomeExpense/instances]): 404 : "{"timestamp":"2022-02-27T19:07:34.493+00:00","status":404,"error":"Not Found","message":"No message available","path":"/incomeExpense/instances"}". Further attempts are logged on DEBUG level
2022-02-28 03:12:15.620 [restartedMain] WARN  s.d.s.w.readers.parameter.ParameterDataTypeReader - Trying to infer dataType java.lang.Integer[]
2022-02-28 03:12:15.650 [restartedMain] WARN  s.d.s.w.readers.parameter.ParameterDataTypeReader - Trying to infer dataType java.lang.Integer[]
2022-02-28 03:12:15.699 [restartedMain] WARN  s.d.s.w.readers.parameter.ParameterDataTypeReader - Trying to infer dataType java.lang.Integer[]
2022-02-28 03:12:15.807 [restartedMain] WARN  s.d.s.w.readers.parameter.ParameterDataTypeReader - Trying to infer dataType java.lang.Integer[]
2022-02-28 03:12:15.928 [restartedMain] WARN  s.d.s.w.readers.parameter.ParameterDataTypeReader - Trying to infer dataType java.lang.Integer[]
2022-02-28 03:12:15.942 [restartedMain] WARN  s.d.s.w.readers.parameter.ParameterDataTypeReader - Trying to infer dataType java.lang.Integer[]
2022-02-28 03:12:15.945 [restartedMain] WARN  s.d.s.w.readers.parameter.ParameterDataTypeReader - Trying to infer dataType java.lang.Integer[]
2022-02-28 03:12:15.948 [restartedMain] WARN  s.d.s.w.readers.parameter.ParameterDataTypeReader - Trying to infer dataType java.lang.Integer[]
2022-02-28 03:12:15.952 [restartedMain] WARN  s.d.s.w.readers.parameter.ParameterDataTypeReader - Trying to infer dataType java.lang.Integer[]
2022-02-28 03:12:16.010 [restartedMain] WARN  s.d.s.w.readers.parameter.ParameterDataTypeReader - Trying to infer dataType java.lang.Integer[]
2022-02-28 03:12:19.725 [registrationTask1] WARN  d.c.b.a.client.registration.ApplicationRegistrator - Failed to register application as Application(name=spring-boot-application, managementUrl=http://LAPTOP-FK4AGT9C.mshome.net:8888/incomeExpense/actuator, healthUrl=http://LAPTOP-FK4AGT9C.mshome.net:8888/incomeExpense/actuator/health, serviceUrl=http://LAPTOP-FK4AGT9C.mshome.net:8888/incomeExpense) at spring-boot-admin ([http://localhost:8888/incomeExpense/instances]): 404 : "{"timestamp":"2022-02-27T19:12:19.663+00:00","status":404,"error":"Not Found","message":"No message available","path":"/incomeExpense/instances"}". Further attempts are logged on DEBUG level
2022-02-28 03:25:05.567 [restartedMain] WARN  s.d.s.w.readers.parameter.ParameterDataTypeReader - Trying to infer dataType java.lang.Integer[]
2022-02-28 03:25:05.595 [restartedMain] WARN  s.d.s.w.readers.parameter.ParameterDataTypeReader - Trying to infer dataType java.lang.Integer[]
2022-02-28 03:25:05.636 [restartedMain] WARN  s.d.s.w.readers.parameter.ParameterDataTypeReader - Trying to infer dataType java.lang.Integer[]
2022-02-28 03:25:05.719 [restartedMain] WARN  s.d.s.w.readers.parameter.ParameterDataTypeReader - Trying to infer dataType java.lang.Integer[]
2022-02-28 03:25:05.814 [restartedMain] WARN  s.d.s.w.readers.parameter.ParameterDataTypeReader - Trying to infer dataType java.lang.Integer[]
2022-02-28 03:25:05.823 [restartedMain] WARN  s.d.s.w.readers.parameter.ParameterDataTypeReader - Trying to infer dataType java.lang.Integer[]
2022-02-28 03:25:05.826 [restartedMain] WARN  s.d.s.w.readers.parameter.ParameterDataTypeReader - Trying to infer dataType java.lang.Integer[]
2022-02-28 03:25:05.828 [restartedMain] WARN  s.d.s.w.readers.parameter.ParameterDataTypeReader - Trying to infer dataType java.lang.Integer[]
2022-02-28 03:25:05.832 [restartedMain] WARN  s.d.s.w.readers.parameter.ParameterDataTypeReader - Trying to infer dataType java.lang.Integer[]
2022-02-28 03:25:05.881 [restartedMain] WARN  s.d.s.w.readers.parameter.ParameterDataTypeReader - Trying to infer dataType java.lang.Integer[]
2022-02-28 03:25:08.844 [registrationTask1] WARN  d.c.b.a.client.registration.ApplicationRegistrator - Failed to register application as Application(name=spring-boot-application, managementUrl=http://LAPTOP-FK4AGT9C.mshome.net:8888/incomeExpense/actuator, healthUrl=http://LAPTOP-FK4AGT9C.mshome.net:8888/incomeExpense/actuator/health, serviceUrl=http://LAPTOP-FK4AGT9C.mshome.net:8888/incomeExpense) at spring-boot-admin ([http://localhost:8888/incomeExpense/instances]): 404 : "{"timestamp":"2022-02-27T19:25:08.789+00:00","status":404,"error":"Not Found","message":"No message available","path":"/incomeExpense/instances"}". Further attempts are logged on DEBUG level
2022-02-28 03:36:58.235 [restartedMain] WARN  s.d.s.w.readers.parameter.ParameterDataTypeReader - Trying to infer dataType java.lang.Integer[]
2022-02-28 03:36:58.266 [restartedMain] WARN  s.d.s.w.readers.parameter.ParameterDataTypeReader - Trying to infer dataType java.lang.Integer[]
2022-02-28 03:36:58.323 [restartedMain] WARN  s.d.s.w.readers.parameter.ParameterDataTypeReader - Trying to infer dataType java.lang.Integer[]
2022-02-28 03:36:58.450 [restartedMain] WARN  s.d.s.w.readers.parameter.ParameterDataTypeReader - Trying to infer dataType java.lang.Integer[]
2022-02-28 03:36:58.563 [restartedMain] WARN  s.d.s.w.readers.parameter.ParameterDataTypeReader - Trying to infer dataType java.lang.Integer[]
2022-02-28 03:36:58.571 [restartedMain] WARN  s.d.s.w.readers.parameter.ParameterDataTypeReader - Trying to infer dataType java.lang.Integer[]
2022-02-28 03:36:58.574 [restartedMain] WARN  s.d.s.w.readers.parameter.ParameterDataTypeReader - Trying to infer dataType java.lang.Integer[]
2022-02-28 03:36:58.577 [restartedMain] WARN  s.d.s.w.readers.parameter.ParameterDataTypeReader - Trying to infer dataType java.lang.Integer[]
2022-02-28 03:36:58.580 [restartedMain] WARN  s.d.s.w.readers.parameter.ParameterDataTypeReader - Trying to infer dataType java.lang.Integer[]
2022-02-28 03:36:58.622 [restartedMain] WARN  s.d.s.w.readers.parameter.ParameterDataTypeReader - Trying to infer dataType java.lang.Integer[]
2022-02-28 03:37:02.820 [registrationTask1] WARN  d.c.b.a.client.registration.ApplicationRegistrator - Failed to register application as Application(name=spring-boot-application, managementUrl=http://LAPTOP-FK4AGT9C.mshome.net:8888/incomeExpense/actuator, healthUrl=http://LAPTOP-FK4AGT9C.mshome.net:8888/incomeExpense/actuator/health, serviceUrl=http://LAPTOP-FK4AGT9C.mshome.net:8888/incomeExpense) at spring-boot-admin ([http://localhost:8888/incomeExpense/instances]): 404 : "{"timestamp":"2022-02-27T19:37:02.720+00:00","status":404,"error":"Not Found","message":"No message available","path":"/incomeExpense/instances"}". Further attempts are logged on DEBUG level
2022-02-28 13:44:56.954 [http-nio-8888-exec-7] WARN  o.s.w.s.m.support.DefaultHandlerExceptionResolver - Resolved [org.springframework.web.HttpRequestMethodNotSupportedException: Request method 'GET' not supported]
2022-02-28 14:02:17.421 [restartedMain] WARN  s.d.s.w.readers.parameter.ParameterDataTypeReader - Trying to infer dataType java.lang.Integer[]
2022-02-28 14:02:17.445 [restartedMain] WARN  s.d.s.w.readers.parameter.ParameterDataTypeReader - Trying to infer dataType java.lang.Integer[]
2022-02-28 14:02:17.488 [restartedMain] WARN  s.d.s.w.readers.parameter.ParameterDataTypeReader - Trying to infer dataType java.lang.Integer[]
2022-02-28 14:02:17.617 [restartedMain] WARN  s.d.s.w.readers.parameter.ParameterDataTypeReader - Trying to infer dataType java.lang.Integer[]
2022-02-28 14:02:17.876 [restartedMain] WARN  s.d.s.w.readers.parameter.ParameterDataTypeReader - Trying to infer dataType java.lang.Integer[]
2022-02-28 14:02:17.885 [restartedMain] WARN  s.d.s.w.readers.parameter.ParameterDataTypeReader - Trying to infer dataType java.lang.Integer[]
2022-02-28 14:02:17.887 [restartedMain] WARN  s.d.s.w.readers.parameter.ParameterDataTypeReader - Trying to infer dataType java.lang.Integer[]
2022-02-28 14:02:17.890 [restartedMain] WARN  s.d.s.w.readers.parameter.ParameterDataTypeReader - Trying to infer dataType java.lang.Integer[]
2022-02-28 14:02:17.893 [restartedMain] WARN  s.d.s.w.readers.parameter.ParameterDataTypeReader - Trying to infer dataType java.lang.Integer[]
2022-02-28 14:02:18.028 [restartedMain] WARN  s.d.s.w.readers.parameter.ParameterDataTypeReader - Trying to infer dataType java.lang.Integer[]
2022-02-28 14:02:22.181 [registrationTask1] WARN  d.c.b.a.client.registration.ApplicationRegistrator - Failed to register application as Application(name=spring-boot-application, managementUrl=http://LAPTOP-FK4AGT9C.mshome.net:8888/incomeExpense/actuator, healthUrl=http://LAPTOP-FK4AGT9C.mshome.net:8888/incomeExpense/actuator/health, serviceUrl=http://LAPTOP-FK4AGT9C.mshome.net:8888/incomeExpense) at spring-boot-admin ([http://localhost:8888/incomeExpense/instances]): 404 : "{"timestamp":"2022-02-28T06:02:22.153+00:00","status":404,"error":"Not Found","message":"No message available","path":"/incomeExpense/instances"}". Further attempts are logged on DEBUG level
2022-02-28 14:02:25.994 [http-nio-8888-exec-1] WARN  o.s.w.s.m.m.a.ExceptionHandlerExceptionResolver - Resolved [Exception{code=210, message=~}]
2022-02-28 14:02:26.229 [http-nio-8888-exec-4] WARN  o.s.w.s.m.m.a.ExceptionHandlerExceptionResolver - Resolved [Exception{code=210, message=~}]
2022-02-28 14:02:26.368 [http-nio-8888-exec-5] WARN  o.s.w.s.m.m.a.ExceptionHandlerExceptionResolver - Resolved [Exception{code=210, message=~}]
2022-02-28 14:22:04.302 [http-nio-8888-exec-5] WARN  o.s.w.s.m.m.a.ExceptionHandlerExceptionResolver - Resolved [Exception{code=210, message=~}]
2022-02-28 14:22:04.425 [http-nio-8888-exec-6] WARN  o.s.w.s.m.m.a.ExceptionHandlerExceptionResolver - Resolved [Exception{code=210, message=~}]
