2022-01-05 20:52:07.132 [INFO ] com.mzl.incomeexpensemanagesystem.IncomeExpenseManageSystemApplication - Starting IncomeExpenseManageSystemApplication using Java 1.8.0_251 on v_ktlema-PC0 with PID 57620 (D:\UGit\income-expense-manage-system\target\classes started by v_ktlema in D:\UGit\income-expense-manage-system)
2022-01-05 20:52:07.133 [INFO ] com.mzl.incomeexpensemanagesystem.IncomeExpenseManageSystemApplication - The following profiles are active: dev
2022-01-05 20:52:08.047 [INFO ] org.springframework.data.repository.config.RepositoryConfigurationDelegate - Multiple Spring Data modules found, entering strict repository configuration mode!
2022-01-05 20:52:08.048 [INFO ] org.springframework.data.repository.config.RepositoryConfigurationDelegate - Bootstrapping Spring Data Redis repositories in DEFAULT mode.
2022-01-05 20:52:08.070 [INFO ] org.springframework.data.repository.config.RepositoryConfigurationDelegate - Finished Spring Data repository scanning in 20 ms. Found 0 Redis repository interfaces.
2022-01-05 20:52:08.415 [INFO ] org.springframework.boot.web.embedded.tomcat.TomcatWebServer - Tomcat initialized with port(s): 8888 (http)
2022-01-05 20:52:08.415 [INFO ] org.apache.catalina.core.StandardService - Starting service [Tomcat]
2022-01-05 20:52:08.416 [INFO ] org.apache.catalina.core.StandardEngine - Starting Servlet engine: [Apache Tomcat/9.0.54]
2022-01-05 20:52:08.440 [INFO ] org.apache.catalina.core.ContainerBase.[Tomcat].[localhost].[/incomeExpense] - Initializing Spring embedded WebApplicationContext
2022-01-05 20:52:08.440 [INFO ] org.springframework.boot.web.servlet.context.ServletWebServerApplicationContext - Root WebApplicationContext: initialization completed in 1304 ms
2022-01-05 20:52:09.312 [INFO ] springfox.documentation.spring.web.PropertySourcedRequestMappingHandlerMapping - Mapped URL path [/v2/api-docs] onto method [springfox.documentation.swagger2.web.Swagger2Controller#getDocumentation(String, HttpServletRequest)]
2022-01-05 20:52:09.496 [INFO ] org.springframework.boot.devtools.autoconfigure.OptionalLiveReloadServer - LiveReload server is running on port 35729
2022-01-05 20:52:09.919 [INFO ] org.springframework.boot.web.embedded.tomcat.TomcatWebServer - Tomcat started on port(s): 8888 (http) with context path '/incomeExpense'
2022-01-05 20:52:09.919 [INFO ] springfox.documentation.spring.web.plugins.DocumentationPluginsBootstrapper - Context refreshed
2022-01-05 20:52:09.920 [INFO ] springfox.documentation.spring.web.plugins.DocumentationPluginsBootstrapper - Found 2 custom documentation plugin(s)
2022-01-05 20:52:09.926 [INFO ] springfox.documentation.spring.web.scanners.ApiListingReferenceScanner - Scanning for api listing references
2022-01-05 20:52:10.033 [INFO ] springfox.documentation.spring.web.scanners.ApiListingReferenceScanner - Scanning for api listing references
2022-01-05 20:52:10.035 [INFO ] org.springframework.amqp.rabbit.connection.CachingConnectionFactory - Attempting to connect to: [localhost:5672]
2022-01-05 20:52:10.044 [INFO ] org.springframework.amqp.rabbit.connection.CachingConnectionFactory - Created new connection: rabbitConnectionFactory#2ef1f211:0/SimpleConnection@3fde922e [delegate=amqp://guest@127.0.0.1:5672/, localPort= 57343]
2022-01-05 20:52:10.735 [INFO ] org.springframework.scheduling.annotation.ScheduledAnnotationBeanPostProcessor - No TaskScheduler/ScheduledExecutorService bean found for scheduled processing
2022-01-05 20:52:10.736 [INFO ] com.mzl.incomeexpensemanagesystem.IncomeExpenseManageSystemApplication - Started IncomeExpenseManageSystemApplication in 3.772 seconds (JVM running for 16481.987)
2022-01-05 20:52:10.739 [INFO ] org.springframework.boot.devtools.autoconfigure.ConditionEvaluationDeltaLoggingListener - Condition evaluation unchanged
2022-01-05 20:52:11.350 [INFO ] org.springframework.amqp.rabbit.listener.SimpleMessageListenerContainer - Waiting for workers to finish.
2022-01-05 20:52:12.081 [INFO ] org.springframework.amqp.rabbit.listener.SimpleMessageListenerContainer - Successfully waited for workers to finish.
2022-01-05 20:52:12.085 [INFO ] org.springframework.amqp.rabbit.listener.SimpleMessageListenerContainer - Waiting for workers to finish.
2022-01-05 20:52:12.116 [INFO ] org.springframework.amqp.rabbit.listener.SimpleMessageListenerContainer - Successfully waited for workers to finish.
2022-01-05 20:52:12.561 [INFO ] com.mzl.incomeexpensemanagesystem.IncomeExpenseManageSystemApplication - Starting IncomeExpenseManageSystemApplication using Java 1.8.0_251 on v_ktlema-PC0 with PID 57620 (D:\UGit\income-expense-manage-system\target\classes started by v_ktlema in D:\UGit\income-expense-manage-system)
2022-01-05 20:52:12.561 [INFO ] com.mzl.incomeexpensemanagesystem.IncomeExpenseManageSystemApplication - The following profiles are active: dev
2022-01-05 20:52:12.822 [INFO ] org.springframework.data.repository.config.RepositoryConfigurationDelegate - Multiple Spring Data modules found, entering strict repository configuration mode!
2022-01-05 20:52:12.822 [INFO ] org.springframework.data.repository.config.RepositoryConfigurationDelegate - Bootstrapping Spring Data Redis repositories in DEFAULT mode.
2022-01-05 20:52:12.831 [INFO ] org.springframework.data.repository.config.RepositoryConfigurationDelegate - Finished Spring Data repository scanning in 8 ms. Found 0 Redis repository interfaces.
2022-01-05 20:52:12.965 [INFO ] org.springframework.boot.web.embedded.tomcat.TomcatWebServer - Tomcat initialized with port(s): 8888 (http)
2022-01-05 20:52:12.966 [INFO ] org.apache.catalina.core.StandardService - Starting service [Tomcat]
2022-01-05 20:52:12.966 [INFO ] org.apache.catalina.core.StandardEngine - Starting Servlet engine: [Apache Tomcat/9.0.54]
2022-01-05 20:52:12.983 [INFO ] org.apache.catalina.core.ContainerBase.[Tomcat].[localhost].[/incomeExpense] - Initializing Spring embedded WebApplicationContext
2022-01-05 20:52:12.984 [INFO ] org.springframework.boot.web.servlet.context.ServletWebServerApplicationContext - Root WebApplicationContext: initialization completed in 421 ms
2022-01-05 20:52:13.642 [INFO ] springfox.documentation.spring.web.PropertySourcedRequestMappingHandlerMapping - Mapped URL path [/v2/api-docs] onto method [springfox.documentation.swagger2.web.Swagger2Controller#getDocumentation(String, HttpServletRequest)]
2022-01-05 20:52:13.723 [INFO ] org.springframework.boot.devtools.autoconfigure.OptionalLiveReloadServer - LiveReload server is running on port 35729
2022-01-05 20:52:13.911 [INFO ] org.springframework.boot.web.embedded.tomcat.TomcatWebServer - Tomcat started on port(s): 8888 (http) with context path '/incomeExpense'
2022-01-05 20:52:13.911 [INFO ] springfox.documentation.spring.web.plugins.DocumentationPluginsBootstrapper - Context refreshed
2022-01-05 20:52:13.912 [INFO ] springfox.documentation.spring.web.plugins.DocumentationPluginsBootstrapper - Found 2 custom documentation plugin(s)
2022-01-05 20:52:13.916 [INFO ] springfox.documentation.spring.web.scanners.ApiListingReferenceScanner - Scanning for api listing references
2022-01-05 20:52:13.980 [INFO ] springfox.documentation.spring.web.scanners.ApiListingReferenceScanner - Scanning for api listing references
2022-01-05 20:52:13.982 [INFO ] org.springframework.amqp.rabbit.connection.CachingConnectionFactory - Attempting to connect to: [localhost:5672]
2022-01-05 20:52:13.986 [INFO ] org.springframework.amqp.rabbit.connection.CachingConnectionFactory - Created new connection: rabbitConnectionFactory#7b4492bf:0/SimpleConnection@beb23b1 [delegate=amqp://guest@127.0.0.1:5672/, localPort= 57370]
2022-01-05 20:52:14.534 [INFO ] org.springframework.scheduling.annotation.ScheduledAnnotationBeanPostProcessor - No TaskScheduler/ScheduledExecutorService bean found for scheduled processing
2022-01-05 20:52:14.535 [INFO ] com.mzl.incomeexpensemanagesystem.IncomeExpenseManageSystemApplication - Started IncomeExpenseManageSystemApplication in 2.009 seconds (JVM running for 16485.786)
2022-01-05 20:52:14.537 [INFO ] org.springframework.boot.devtools.autoconfigure.ConditionEvaluationDeltaLoggingListener - Condition evaluation unchanged
